2015-03-20 08:48:08.644 PopulistMVP[5607:1509328] Reachability Flag Status: -R -----l- networkStatusForFlags
2015-03-20 08:48:08.775 PopulistMVP[5607:1509328] Warning: A long-running operation is being executed on the main thread. 
 Break on warnBlockingOperationOnMainThread() to debug.
2015-03-20 08:48:09.087 PopulistMVP[5607:1509328] Reachability Flag Status: -R -----l- networkStatusForFlags
2015-03-20 08:48:09.432 PopulistMVP[5607:1509328] BPXLUUIDHandler Unhandled Keychain Error -25308
2015-03-20 08:48:09.433 PopulistMVP[5607:1509328] PPLSTDataManager - createAvatarForStatusDictionary
2015-03-20 08:48:09.762 PopulistMVP[5607:1509328] updateEvents
2015-03-20 08:48:09.764 PopulistMVP[5607:1509328] startUpdatingEvents
2015-03-20 08:48:12.875 PopulistMVP[5607:1509328] PPLSTLocationManager - locationManager:<CLLocationManager: 0x174012cc0> didChangeAuthorizationStatus to status = 3
2015-03-20 08:48:12.879 PopulistMVP[5607:1509328] didAcceptAuthorization triggered in ExploreVC
2015-03-20 08:48:12.880 PopulistMVP[5607:1509328] updateEvents
2015-03-20 08:48:12.941 PopulistMVP[5607:1509328] PPLSTLocationManager - locationManager:<CLLocationManager: 0x174012cc0> didUpdateLocations:(
    "<+34.02103634,-118.42755993> +/- 65.00m (speed -1.00 mps / course -1.00) @ 3/20/15, 8:48:06 AM Pacific Daylight Time"
)
2015-03-20 08:48:13.140 PopulistMVP[5607:1509328] locationManager didUpdateLocation lastObject = <+34.02103634,-118.42755993> +/- 65.00m (speed -1.00 mps / course -1.00) @ 3/20/15, 8:48:06 AM Pacific Daylight Time, accuracy = 65.000000
2015-03-20 08:48:13.243 PopulistMVP[5607:1509328] PPLSTLocationManager - locationManager:<CLLocationManager: 0x174012cc0> didUpdateLocations:(
    "<+34.02101118,-118.42762823> +/- 65.00m (speed -1.00 mps / course -1.00) @ 3/20/15, 8:48:09 AM Pacific Daylight Time"
)
2015-03-20 08:48:13.302 PopulistMVP[5607:1509328] locationManager didUpdateLocation lastObject = <+34.02101118,-118.42762823> +/- 65.00m (speed -1.00 mps / course -1.00) @ 3/20/15, 8:48:09 AM Pacific Daylight Time, accuracy = 65.000000
2015-03-20 08:48:13.395 PopulistMVP[5607:1509328] PPLSTLocationManager - locationManager:<CLLocationManager: 0x174012cc0> didUpdateLocations:(
    "<+34.02101118,-118.42762823> +/- 65.00m (speed -1.00 mps / course -1.00) @ 3/20/15, 8:48:09 AM Pacific Daylight Time"
)
2015-03-20 08:48:13.440 PopulistMVP[5607:1509328] locationManager didUpdateLocation lastObject = <+34.02101118,-118.42762823> +/- 65.00m (speed -1.00 mps / course -1.00) @ 3/20/15, 8:48:09 AM Pacific Daylight Time, accuracy = 65.000000
2015-03-20 08:48:13.567 PopulistMVP[5607:1509328] PPLSTLocationManager - locationManager:<CLLocationManager: 0x174012cc0> didUpdateLocations:(
    "<+34.02101313,-118.42763432> +/- 65.00m (speed -1.00 mps / course -1.00) @ 3/20/15, 8:48:09 AM Pacific Daylight Time"
)
2015-03-20 08:48:13.577 PopulistMVP[5607:1509328] locationManager didUpdateLocation lastObject = <+34.02101313,-118.42763432> +/- 65.00m (speed -1.00 mps / course -1.00) @ 3/20/15, 8:48:09 AM Pacific Daylight Time, accuracy = 65.000000
2015-03-20 08:48:13.582 PopulistMVP[5607:1509328] PPLSTLocationManager - locationManager:<CLLocationManager: 0x174012cc0> didUpdateLocations:(
    "<+34.02101337,-118.42763367> +/- 65.00m (speed -1.00 mps / course -1.00) @ 3/20/15, 8:48:09 AM Pacific Daylight Time"
)
2015-03-20 08:48:13.656 PopulistMVP[5607:1509328] locationManager didUpdateLocation lastObject = <+34.02101337,-118.42763367> +/- 65.00m (speed -1.00 mps / course -1.00) @ 3/20/15, 8:48:09 AM Pacific Daylight Time, accuracy = 65.000000
2015-03-20 08:48:13.669 PopulistMVP[5607:1509328] PPLSTLocationManager - locationManager:<CLLocationManager: 0x174012cc0> didUpdateLocations:(
    "<+34.02083727,-118.42786322> +/- 10.00m (speed 3.46 mps / course 245.04) @ 3/20/15, 8:48:13 AM Pacific Daylight Time"
)
2015-03-20 08:48:13.698 PopulistMVP[5607:1509328] locationManager didUpdateLocation lastObject = <+34.02083727,-118.42786322> +/- 10.00m (speed 3.46 mps / course 245.04) @ 3/20/15, 8:48:13 AM Pacific Daylight Time, accuracy = 10.000000
2015-03-20 08:48:13.887 PopulistMVP[5607:1509328] PPLSTLocationManager - getLocationStringData
2015-03-20 08:48:13.900 PopulistMVP[5607:1509328] We're using the coordiantes self.currentLocation.coordinate.latitude = 34.020837 and longitude = -118.427863
2015-03-20 08:48:13.929 PopulistMVP[5607:1509328] request = <NSMutableURLRequest: 0x17400a1a0> { URL: https://maps.googleapis.com/maps/api/geocode/json?latlng=34.020837,-118.427863&sensor=false&result_type=neighborhood%7Clocality%7Ccountry&key=AIzaSyClR6wH3_BfA1bXFjr3LEI-Cp_SiOrPJog }
2015-03-20 08:48:14.579 PopulistMVP[5607:1509328] returnData = <7b0a2020 20227265 73756c74 7322203a 205b0a20 20202020 207b0a20 20202020 20202020 22616464 72657373 5f636f6d 706f6e65 6e747322 203a205b 0a202020 20202020 20202020 207b0a20 20202020 20202020 20202020 2020226c 6f6e675f 6e616d65 22203a20 224d6172 20566973 7461222c 0a202020 20202020 20202020 20202020 2273686f 72745f6e 616d6522 203a2022 4d617220 56697374 61222c0a 20202020 20202020 20202020 20202022 74797065 7322203a 205b2022 6e656967 68626f72 686f6f64 222c2022 706f6c69 74696361 6c22205d 0a202020 20202020 20202020 207d2c0a 20202020 20202020 20202020 7b0a2020 20202020 20202020 20202020 20226c6f 6e675f6e 616d6522 203a2022 4c6f7320 416e6765 6c657322 2c0a2020 20202020 20202020 20202020 20227368 6f72745f 6e616d65 22203a20 224c4122 2c0a2020 20202020 20202020 20202020 20227479 70657322 203a205b 20226c6f 63616c69 7479222c 2022706f 6c697469 63616c22 205d0a20 20202020 20202020 2020207d 2c0a2020 20202020 20202020 20207b0a 20202020 20202020 20202020 20202022 6c6f6e67 5f6e616d 6522203a 20224c6f 7320416e 67656c65 7320436f 756e7479 222c0a20 20202020 20202020 20202020 20202273 686f7274 5f6e616d 6522203a 20224c6f 7320416e 67656c65 7320436f 756e7479 222c0a20 20202020 20202020 20202020 20202274 79706573 22203a20 5b202261 646d696e 69737472 61746976 655f6172 65615f6c 6576656c 5f32222c 2022706f 6c697469 63616c22 205d0a20 20202020 20202020 2020207d 2c0a2020 20202020 20202020 20207b0a 20202020 20202020 20202020 20202022 6c6f6e67 5f6e616d 6522203a 20224361 6c69666f 726e6961 222c0a20 20202020 20202020 20202020 20202273 686f7274 5f6e616d 6522203a 20224341 222c0a20 20202020 20202020 20202020 20202274 79706573 22203a20 5b202261 646d696e 69737472 61746976 655f6172 65615f6c 6576656c 5f31222c 2022706f 6c697469 63616c22 205d0a20 20202020 20202020 2020207d 2c0a2020 20202020 20202020 20207b0a 20202020 20202020 20202020 20202022 6c6f6e67 5f6e616d 6522203a 2022556e 69746564 20537461 74657322 2c0a2020 20202020 20202020 20202020 20227368 6f72745f 6e616d65 22203a20 22555322 2c0a2020 20202020 20202020 20202020 20227479 70657322 203a205b 2022636f 756e7472 79222c20 22706f6c 69746963 616c2220 5d0a2020 20202020 20202020 20207d0a 20202020 20202020 205d2c0a 20202020 20202020 2022666f 726d6174 7465645f 61646472 65737322 203a2022 4d617220 56697374 612c204c 6f732041 6e67656c 65732c20 43412c20 55534122 2c0a2020 20202020 20202022 67656f6d 65747279 22203a20 7b0a2020 20202020 20202020 20202262 6f756e64 7322203a 207b0a20 20202020 20202020 20202020 2020226e 6f727468 65617374 22203a20 7b0a2020 20202020 20202020 20202020 20202020 226c6174 22203a20 33342e30 33313335 392c0a20 20202020 20202020 20202020 20202020 20226c6e 6722203a 202d3131 382e3431 37313733 0a202020 20202020 20202020 20202020 7d2c0a20 20202020 20202020 20202020 20202273 6f757468 77657374 22203a20 7b0a2020 20202020 20202020 20202020 20202020 226c6174 22203a20 33332e39 39333630 332c0a20 20202020 20202020 20202020 20202020 20226c6e 6722203a 202d3131 382e3435 36323131 380a2020 20202020 20202020 20202020 207d0a20 20202020 20202020 2020207d 2c0a2020 20202020 20202020 2020226c 6f636174 696f6e22 203a207b 0a202020 20202020 20202020 20202020 226c6174 22203a20 33342e30 31353235 36372c0a 20202020 20202020 20202020 20202022 6c6e6722 203a202d 3131382e 34333338 3334350a 20202020 20202020 20202020 7d2c0a20 20202020 20202020 20202022 6c6f6361 74696f6e 5f747970 6522203a 20224150 50524f58 494d4154 45222c0a 20202020 20202020 20202020 22766965 77706f72 7422203a 207b0a20 20202020 20202020 20202020 2020226e 6f727468 65617374 22203a20 7b0a2020 20202020 20202020 20202020 20202020 226c6174 22203a20 33342e30 33313335 392c0a20 20202020 20202020 20202020 20202020 20226c6e 6722203a 202d3131 382e3431 37313733 0a202020 20202020 20202020 20202020 7d2c0a20 20202020 20202020 20202020 20202273 6f757468 77657374 22203a20 7b0a2020 20202020 20202020 20202020 20202020 226c6174 22203a20 33332e39 39333630 332c0a20 20202020 20202020 20202020 20202020 20226c6e 6722203a 202d3131 382e3435 36323131 380a2020 20202020 20202020 20202020 207d0a20 20202020 20202020 2020207d 0a202020 20202020 20207d2c 0a202020 20202020 20202270 6c616365 5f696422 203a2022 4368494a 4d584e6b 2d466136 776f4152 6671536a 36443067 68733822 2c0a2020 20202020 20202022 74797065 7322203a 205b2022 6e656967 68626f72 686f6f64 222c2022 706f6c69 74696361 6c22205d 0a202020 2020207d 2c0a2020 20202020 7b0a2020 20202020 20202022 61646472 6573735f 636f6d70 6f6e656e 74732220 3a205b0a 20202020 20202020 20202020 7b0a2020 20202020 20202020 20202020 20226c6f 6e675f6e 616d6522 203a2022 4c6f7320 416e6765 6c657322 2c0a2020 20202020 20202020 20202020 20227368 6f72745f 6e616d65 22203a20 224c4122 2c0a2020 20202020 20202020 20202020 20227479 70657322 203a205b 20226c6f 63616c69 7479222c 2022706f 6c697469 63616c22 205d0a20 20202020 20202020 2020207d 2c0a2020 20202020 20202020 20207b0a 20202020 20202020 20202020 20202022 6c6f6e67 5f6e616d 6522203a 20224c6f 7320416e 67656c65 7320436f 756e7479 222c0a20 20202020 20202020 20202020 20202273 686f7274 5f6e616d 6522203a 20224c6f 7320416e 67656c65 7320436f 756e7479 222c0a20 20202020 20202020 20202020 20202274 79706573 22203a20 5b202261 646d696e 69737472 61746976 655f6172 65615f6c 6576656c 5f32222c 2022706f 6c697469 63616c22 205d0a20 20202020 20202020 2020207d 2c0a2020 20202020 20202020 20207b0a 20202020 20202020 20202020 20202022 6c6f6e67 5f6e616d 6522203a 20224361 6c69666f 726e6961 222c0a20 20202020 20202020 20202020 20202273 686f7274 5f6e616d 6522203a 20224341 222c0a20 20202020 20202020 20202020 20202274 79706573 22203a20 5b202261 646d696e 69737472 61746976 655f6172 65615f6c 6576656c 5f31222c 2022706f 6c697469 63616c22 205d0a20 20202020 20202020 2020207d 2c0a2020 20202020 20202020 20207b0a 20202020 20202020 20202020 20202022 6c6f6e67 5f6e616d 6522203a 2022556e 69746564 20537461 74657322 2c0a2020 20202020 20202020 20202020 20227368 6f72745f 6e616d65 22203a20 22555322 2c0a2020 20202020 20202020 20202020 20227479 70657322 203a205b 2022636f 756e7472 79222c20 22706f6c 69746963 616c2220 5d0a2020 20202020 20202020 20207d0a 20202020 20202020 205d2c0a 20202020 20202020 2022666f 726d6174 7465645f 61646472 65737322 203a2022 4c6f7320 416e6765 6c65732c 2043412c 20555341 222c0a20 20202020 20202020 2267656f 6d657472 7922203a 207b0a20 20202020 20202020 20202022 626f756e 64732220 3a207b0a 20202020 20202020 20202020 20202022 6e6f7274 68656173 7422203a 207b0a20 20202020 20202020 20202020 20202020 20226c61 7422203a 2033342e 33333733 3036312c 0a202020 20202020 20202020 20202020 20202022 6c6e6722 203a202d 3131382e 31353532 3839310a 20202020 20202020 20202020 2020207d 2c0a2020 20202020 20202020 20202020 2022736f 75746877 65737422 203a207b 0a202020 20202020 20202020 20202020 20202022 6c617422 203a2033 332e3730 33363931 372c0a20 20202020 20202020 20202020 20202020 20226c6e 6722203a 202d3131 382e3636 38313735 390a2020 20202020 20202020 20202020 207d0a20 20202020 20202020 2020207d 2c0a2020 20202020 20202020 2020226c 6f636174 696f6e22 203a207b 0a202020 20202020 20202020 20202020 226c6174 22203a20 33342e30 35323233 34322c0a 20202020 20202020 20202020 20202022 6c6e6722 203a202d 3131382e 32343336 3834390a 20202020 20202020 20202020 7d2c0a20 20202020 20202020 20202022 6c6f6361 74696f6e 5f747970 6522203a 20224150 50524f58 494d4154 45222c0a 20202020 20202020 20202020 22766965 77706f72 7422203a 207b0a20 20202020 20202020 20202020 2020226e 6f727468 65617374 22203a20 7b0a2020 20202020 20202020 20202020 20202020 226c6174 22203a20 33342e33 33373330 36312c0a 20202020 20202020 20202020 20202020 2020226c 6e672220 3a202d31 31382e31 35353238 39310a20 20202020 20202020 20202020 20207d2c 0a202020 20202020 20202020 20202020 22736f75 74687765 73742220 3a207b0a 20202020 20202020 20202020 20202020 2020226c 61742220 3a203333 2e373033 36393137 2c0a2020 20202020 20202020 20202020 20202020 226c6e67 22203a20 2d313138 2e363638 31373539 0a202020 20202020 20202020 20202020 7d0a2020 20202020 20202020 20207d0a 20202020 20202020 207d2c0a 20202020 20202020 2022706c 6163655f 69642220 3a202243 68494a45 396f6e33 46334877 6f415239 4168474a 575f664c 2d49222c 0a202020 20202020 20202274 79706573 22203a20 5b20226c 6f63616c 69747922 2c202270 6f6c6974 6963616c 22205d0a 20202020 20207d2c 0a202020 2020207b 0a202020 20202020 20202261 64647265 73735f63 6f6d706f 6e656e74 7322203a 205b0a20 20202020 20202020 2020207b 0a202020 20202020 20202020 20202020 226c6f6e 675f6e61 6d652220 3a202255 6e697465 64205374 61746573 222c0a20 20202020 20202020 20202020 20202273 686f7274 5f6e616d 6522203a 20225553 222c0a20 20202020 20202020 20202020 20202274 79706573 22203a20 5b202263 6f756e74 7279222c 2022706f 6c697469 63616c22 205d0a20 20202020 20202020 2020207d 0a202020 20202020 20205d2c 0a202020 20202020 20202266 6f726d61 74746564 5f616464 72657373 22203a20 22556e69 74656420 53746174 6573222c 0a202020 20202020 20202267 656f6d65 74727922 203a207b 0a202020 20202020 20202020 2022626f 756e6473 22203a20 7b0a2020 20202020 20202020 20202020 20226e6f 72746865 61737422 203a207b 0a202020 20202020 20202020 20202020 20202022 6c617422 203a2037 312e3338 39383838 2c0a2020 20202020 20202020 20202020 20202020 226c6e67 22203a20 2d36362e 39343533 39343639 39393939 39390a20 20202020 20202020 20202020 20207d2c 0a202020 20202020 20202020 20202020 22736f75 74687765 73742220 3a207b0a 20202020 20202020 20202020 20202020 2020226c 61742220 3a203138 2e393131 30363432 2c0a2020 20202020 20202020 20202020 20202020 226c6e67 22203a20 3137322e 34343538 3935350a 20202020 20202020 20202020 2020207d 0a202020 20202020 20202020 207d2c0a 20202020 20202020 20202020 226c6f63 6174696f 6e22203a 207b0a20 20202020 20202020 20202020 2020226c 61742220 3a203337 2e303930 32342c0a 20202020 20202020 20202020 20202022 6c6e6722 203a202d 39352e37 31323839 310a2020 20202020 20202020 20207d2c 0a202020 20202020 20202020 20226c6f 63617469 6f6e5f74 79706522 203a2022 41505052 4f58494d 41544522 2c0a2020 20202020 20202020 20202276 69657770 6f727422 203a207b 0a202020 20202020 20202020 20202020 226e6f72 74686561 73742220 3a207b0a 20202020 20202020 20202020 20202020 2020226c 61742220 3a203439 2e33382c 0a202020 20202020 20202020 20202020 20202022 6c6e6722 203a202d 36362e39 340a2020 20202020 20202020 20202020 207d2c0a 20202020 20202020 20202020 20202022 736f7574 68776573 7422203a 207b0a20 20202020 20202020 20202020 20202020 20226c61 7422203a 2032352e 38322c0a 20202020 20202020 20202020 20202020 2020226c 6e672220 3a202d31 32342e33 390a2020 20202020 20202020 20202020 207d0a20 20202020 20202020 2020207d 0a202020 20202020 20207d2c 0a202020 20202020 20202270 6c616365 5f696422 203a2022 4368494a 437a5979 35495331 366c5152 51726665 51354b35 4f787722 2c0a2020 20202020 20202022 74797065 7322203a 205b2022 636f756e 74727922 2c202270 6f6c6974 6963616c 22205d0a 20202020 20207d0a 2020205d 2c0a2020 20227374 61747573 22203a20 224f4b22 0a7d0a>
2015-03-20 08:48:14.634 PopulistMVP[5607:1509328] dictionary = {
    results =     (
                {
            "address_components" =             (
                                {
                    "long_name" = "Mar Vista";
                    "short_name" = "Mar Vista";
                    types =                     (
                        neighborhood,
                        political
                    );
                },
                                {
                    "long_name" = "Los Angeles";
                    "short_name" = LA;
                    types =                     (
                        locality,
                        political
                    );
                },
                                {
                    "long_name" = "Los Angeles County";
                    "short_name" = "Los Angeles County";
                    types =                     (
                        "administrative_area_level_2",
                        political
                    );
                },
                                {
                    "long_name" = California;
                    "short_name" = CA;
                    types =                     (
                        "administrative_area_level_1",
                        political
                    );
                },
                                {
                    "long_name" = "United States";
                    "short_name" = US;
                    types =                     (
                        country,
                        political
                    );
                }
            );
            "formatted_address" = "Mar Vista, Los Angeles, CA, USA";
            geometry =             {
                bounds =                 {
                    northeast =                     {
                        lat = "34.031359";
                        lng = "-118.417173";
                    };
                    southwest =                     {
                        lat = "33.993603";
                        lng = "-118.4562118";
                    };
                };
                location =                 {
                    lat = "34.0152567";
                    lng = "-118.4338345";
                };
                "location_type" = APPROXIMATE;
                viewport =                 {
                    northeast =                     {
                        lat = "34.031359";
                        lng = "-118.417173";
                    };
                    southwest =                     {
                        lat = "33.993603";
                        lng = "-118.4562118";
                    };
                };
            };
            "place_id" = "ChIJMXNk-Fa6woARfqSj6D0ghs8";
            types =             (
                neighborhood,
                political
            );
        },
                {
            "address_components" =             (
                                {
                    "long_name" = "Los Angeles";
                    "short_name" = LA;
                    types =                     (
                        locality,
                        political
                    );
                },
                                {
                    "long_name" = "Los Angeles County";
                    "short_name" = "Los Angeles County";
                    types =                     (
                        "administrative_area_level_2",
                        political
                    );
                },
                                {
                    "long_name" = California;
                    "short_name" = CA;
                    types =                     (
                        "administrative_area_level_1",
                        political
                    );
                },
                                {
                    "long_name" = "United States";
                    "short_name" = US;
                    types =                     (
                        country,
                        political
                    );
                }
            );
            "formatted_address" = "Los Angeles, CA, USA";
            geometry =             {
                bounds =                 {
                    northeast =                     {
                        lat = "34.3373061";
                        lng = "-118.1552891";
                    };
                    southwest =                     {
                        lat = "33.7036917";
                        lng = "-118.6681759";
                    };
                };
                location =                 {
                    lat = "34.0522342";
                    lng = "-118.2436849";
                };
                "location_type" = APPROXIMATE;
                viewport =                 {
                    northeast =                     {
                        lat = "34.3373061";
                        lng = "-118.1552891";
                    };
                    southwest =                     {
                        lat = "33.7036917";
                        lng = "-118.6681759";
                    };
                };
            };
            "place_id" = "ChIJE9on3F3HwoAR9AhGJW_fL-I";
            types =             (
                locality,
                political
            );
        },
                {
            "address_components" =             (
                                {
                    "long_name" = "United States";
                    "short_name" = US;
                    types =                     (
                        country,
                        political
                    );
                }
            );
            "formatted_address" = "United States";
            geometry =             {
                bounds =                 {
                    northeast =                     {
                        lat = "71.389888";
                        lng = "-66.94539469999999";
                    };
                    southwest =                     {
                        lat = "18.9110642";
                        lng = "172.4458955";
                    };
                };
                location =                 {
                    lat = "37.09024";
                    lng = "-95.712891";
                };
                "location_type" = APPROXIMATE;
                viewport =                 {
                    northeast =                     {
                        lat = "49.38";
                        lng = "-66.94";
                    };
                    southwest =                     {
                        lat = "25.82";
                        lng = "-124.39";
                    };
                };
            };
            "place_id" = ChIJCzYy5IS16lQRQrfeQ5K5Oxw;
            types =             (
                country,
                political
            );
        }
    );
    status = OK;
}
2015-03-20 08:48:14.816 PopulistMVP[5607:1509328] formattedAddress = Mar Vista, Los Angeles, CA, USA
2015-03-20 08:48:14.818 PopulistMVP[5607:1509328] locationArray = (
    "Mar Vista",
    " Los Angeles",
    " CA",
    " USA"
)
2015-03-20 08:48:14.821 PopulistMVP[5607:1509328] locationStringDictionary = {
    city = "";
    country = "";
    neighborhood = "";
    state = "";
}
2015-03-20 08:48:14.830 PopulistMVP[5607:1509328] count > 0
2015-03-20 08:48:14.832 PopulistMVP[5607:1509328] count > 1
2015-03-20 08:48:14.834 PopulistMVP[5607:1509328] count > 2
2015-03-20 08:48:14.846 PopulistMVP[5607:1509328] count > 3
2015-03-20 08:48:14.857 PopulistMVP[5607:1509328] Now, locationStringDictionary = {
    city = "Los Angeles";
    country = USA;
    neighborhood = "Mar Vista";
    state = CA;
}
2015-03-20 08:48:14.909 PopulistMVP[5607:1509328] PPLSTExploreTablewViewController - locationUpdatedTo
2015-03-20 08:48:14.924 PopulistMVP[5607:1509328] finishUpdatingEvents
2015-03-20 08:48:14.931 PopulistMVP[5607:1509328] PPLSTLocationManager - updateLocationOfLastUpdate:<+34.02083727,-118.42786322> +/- 10.00m (speed 3.46 mps / course 245.04) @ 3/20/15, 8:48:13 AM Pacific Daylight Time
2015-03-20 08:48:14.942 PopulistMVP[5607:1509328] PPLSTLocationManager - updateTimeOfLastUpdate:2015-03-20 15:48:14 +0000
2015-03-20 08:48:14.945 PopulistMVP[5607:1509328] PPLSTDataManager - sendSignalAndDownloadEventMetaDataWithInputLatitude:34.020836 andLongitude:-118.427864 andDate:2015-03-20 15:48:14 +0000
2015-03-20 08:48:14.959 PopulistMVP[5607:1509328] PPLSTDataManager - downloadEventMetaDataWithInputLatitude:34.020836 andLongitude:-118.427864 andDate:2015-03-20 15:48:14 +0000
2015-03-20 08:48:14.991 PopulistMVP[5607:1509328] Warning: A long-running operation is being executed on the main thread. 
 Break on warnBlockingOperationOnMainThread() to debug.
2015-03-20 08:48:16.459 PopulistMVP[5607:1509328] eventDictionary = {
    city = "Los Angeles";
    containsUser = NO;
    country = USA;
    importance = 42;
    isActive = NO;
    latitude = "34.02101355771917";
    longitude = "-118.4276580509148";
    neighborhood = "Mar Vista";
    objectId = HvHxadIVKA;
    state = CA;
    titlePhotoId = 432iBhXkEU;
    updatedAt = "2015-02-15 20:28:07 +0000";
}
2015-03-20 08:48:16.460 PopulistMVP[5607:1509328] PPLSTDataManager - getEventFromCoreDataWithId:HvHxadIVKA
2015-03-20 08:48:16.483 PopulistMVP[5607:1509328] eventDictionary = {
    city = "Los Angeles";
    containsUser = NO;
    country = USA;
    importance = 3;
    isActive = NO;
    latitude = "34.02087892221537";
    longitude = "-118.427832895653";
    neighborhood = "Mar Vista";
    objectId = YYwmguAyDq;
    state = CA;
    titlePhotoId = nTu0k0qzTn;
    updatedAt = "2015-03-19 02:11:28 +0000";
}
2015-03-20 08:48:16.487 PopulistMVP[5607:1509328] PPLSTDataManager - getEventFromCoreDataWithId:YYwmguAyDq
2015-03-20 08:48:16.519 PopulistMVP[5607:1509328] Error: No event found in core data with eventId = YYwmguAyDq
2015-03-20 08:48:16.521 PopulistMVP[5607:1509328] PPLSTDataManager - createEventWithId:YYwmguAyDq
2015-03-20 08:48:16.524 PopulistMVP[5607:1509328] PPLSTDataManager - saveCoreData
2015-03-20 08:48:16.651 PopulistMVP[5607:1509328] PPLSTDataManager - contextHasChanged
2015-03-20 08:48:16.655 PopulistMVP[5607:1509328] PPLSTDataManager - getContributionFromCoreDataWithId:nTu0k0qzTn
2015-03-20 08:48:16.657 PopulistMVP[5607:1509328] getContributionFromCoreDataWithId - 1
2015-03-20 08:48:16.658 PopulistMVP[5607:1509328] getContributionFromCoreDataWithId - 2
2015-03-20 08:48:16.662 PopulistMVP[5607:1509328] getContributionFromCoreDataWithId - 3
2015-03-20 08:48:16.668 PopulistMVP[5607:1509328] getContributionFromCoreDataWithId - 4
2015-03-20 08:48:16.673 PopulistMVP[5607:1509328] Error: No contribution found in core data with contributionId = nTu0k0qzTn
2015-03-20 08:48:16.675 PopulistMVP[5607:1509328] PPLSTDataManager - createContributionWithId:nTu0k0qzTn
2015-03-20 08:48:16.677 PopulistMVP[5607:1509328] PPLSTDataManager - saveCoreData
2015-03-20 08:48:16.694 PopulistMVP[5607:1509328] PPLSTDataManager - contextHasChanged
2015-03-20 08:48:16.723 PopulistMVP[5607:1509328] eventDictionary = {
    city = "Los Angeles";
    containsUser = NO;
    country = USA;
    importance = 13;
    isActive = NO;
    latitude = "34.02098768152816";
    longitude = "-118.4276429927528";
    neighborhood = "Mar Vista";
    objectId = O9Sl4rSgYe;
    state = CA;
    updatedAt = "2015-03-05 22:57:56 +0000";
}
2015-03-20 08:48:16.725 PopulistMVP[5607:1509328] PPLSTDataManager - getEventFromCoreDataWithId:O9Sl4rSgYe
2015-03-20 08:48:16.743 PopulistMVP[5607:1509328] eventDictionary = {
    city = "Los Angeles";
    containsUser = NO;
    country = USA;
    importance = 11;
    isActive = NO;
    latitude = "34.0210059359184";
    longitude = "-118.4276589053762";
    neighborhood = "Mar Vista";
    objectId = eKAxW0pzLu;
    state = CA;
    titlePhotoId = 0wtYKycoLI;
    updatedAt = "2015-02-10 20:06:11 +0000";
}
2015-03-20 08:48:16.745 PopulistMVP[5607:1509328] PPLSTDataManager - getEventFromCoreDataWithId:eKAxW0pzLu
2015-03-20 08:48:16.772 PopulistMVP[5607:1509328] eventDictionary = {
    city = "Los Angeles";
    containsUser = NO;
    country = USA;
    importance = 10;
    isActive = NO;
    latitude = "34.02100463047196";
    longitude = "-118.4276625162953";
    neighborhood = "Mar Vista";
    objectId = RD8dSAhqAy;
    state = CA;
    titlePhotoId = 14GHutb3q5;
    updatedAt = "2015-02-08 02:38:18 +0000";
}
2015-03-20 08:48:16.775 PopulistMVP[5607:1509328] PPLSTDataManager - getEventFromCoreDataWithId:RD8dSAhqAy
2015-03-20 08:48:16.780 PopulistMVP[5607:1509328] Error: No event found in core data with eventId = RD8dSAhqAy
2015-03-20 08:48:16.782 PopulistMVP[5607:1509328] PPLSTDataManager - createEventWithId:RD8dSAhqAy
2015-03-20 08:48:16.785 PopulistMVP[5607:1509328] PPLSTDataManager - saveCoreData
2015-03-20 08:48:16.797 PopulistMVP[5607:1509328] PPLSTDataManager - contextHasChanged
2015-03-20 08:48:16.802 PopulistMVP[5607:1509328] PPLSTDataManager - getContributionFromCoreDataWithId:14GHutb3q5
2015-03-20 08:48:16.802 PopulistMVP[5607:1509328] getContributionFromCoreDataWithId - 1
2015-03-20 08:48:16.803 PopulistMVP[5607:1509328] getContributionFromCoreDataWithId - 2
2015-03-20 08:48:16.804 PopulistMVP[5607:1509328] getContributionFromCoreDataWithId - 3
2015-03-20 08:48:16.807 PopulistMVP[5607:1509328] getContributionFromCoreDataWithId - 4
2015-03-20 08:48:16.808 PopulistMVP[5607:1509328] Error: No contribution found in core data with contributionId = 14GHutb3q5
2015-03-20 08:48:16.817 PopulistMVP[5607:1509328] PPLSTDataManager - createContributionWithId:14GHutb3q5
2015-03-20 08:48:16.819 PopulistMVP[5607:1509328] PPLSTDataManager - saveCoreData
2015-03-20 08:48:16.857 PopulistMVP[5607:1509328] PPLSTDataManager - contextHasChanged
2015-03-20 08:48:16.868 PopulistMVP[5607:1509328] eventDictionary = {
    city = "Los Angeles";
    containsUser = NO;
    country = USA;
    importance = 5;
    isActive = NO;
    latitude = "34.02099175141007";
    longitude = "-118.4276715613467";
    neighborhood = "Mar Vista";
    objectId = KyEeFZRhkq;
    state = CA;
    titlePhotoId = d11f2DeaqQ;
    updatedAt = "2015-03-02 01:52:19 +0000";
}
2015-03-20 08:48:16.893 PopulistMVP[5607:1509328] PPLSTDataManager - getEventFromCoreDataWithId:KyEeFZRhkq
2015-03-20 08:48:16.926 PopulistMVP[5607:1509328] Error: No event found in core data with eventId = KyEeFZRhkq
2015-03-20 08:48:16.927 PopulistMVP[5607:1509328] PPLSTDataManager - createEventWithId:KyEeFZRhkq
2015-03-20 08:48:16.958 PopulistMVP[5607:1509328] PPLSTDataManager - saveCoreData
2015-03-20 08:48:16.991 PopulistMVP[5607:1509328] PPLSTDataManager - contextHasChanged
2015-03-20 08:48:16.993 PopulistMVP[5607:1509328] PPLSTDataManager - getContributionFromCoreDataWithId:d11f2DeaqQ
2015-03-20 08:48:16.994 PopulistMVP[5607:1509328] getContributionFromCoreDataWithId - 1
2015-03-20 08:48:17.011 PopulistMVP[5607:1509328] getContributionFromCoreDataWithId - 2
2015-03-20 08:48:17.019 PopulistMVP[5607:1509328] getContributionFromCoreDataWithId - 3
2015-03-20 08:48:17.045 PopulistMVP[5607:1509328] getContributionFromCoreDataWithId - 4
2015-03-20 08:48:17.056 PopulistMVP[5607:1509328] Error: No contribution found in core data with contributionId = d11f2DeaqQ
2015-03-20 08:48:17.073 PopulistMVP[5607:1509328] PPLSTDataManager - createContributionWithId:d11f2DeaqQ
2015-03-20 08:48:17.075 PopulistMVP[5607:1509328] PPLSTDataManager - saveCoreData
2015-03-20 08:48:17.090 PopulistMVP[5607:1509328] PPLSTDataManager - contextHasChanged
2015-03-20 08:48:17.170 PopulistMVP[5607:1509328] eventDictionary = {
    city = "Los Angeles";
    containsUser = NO;
    country = USA;
    importance = 4;
    isActive = NO;
    latitude = "34.02090855492153";
    longitude = "-118.4276725600251";
    neighborhood = "Mar Vista";
    objectId = 8CyDARhTa5;
    state = CA;
    titlePhotoId = zRDqRBmgFW;
    updatedAt = "2015-02-13 18:57:13 +0000";
}
2015-03-20 08:48:17.171 PopulistMVP[5607:1509328] PPLSTDataManager - getEventFromCoreDataWithId:8CyDARhTa5
2015-03-20 08:48:17.180 PopulistMVP[5607:1509328] Error: No event found in core data with eventId = 8CyDARhTa5
2015-03-20 08:48:17.208 PopulistMVP[5607:1509328] PPLSTDataManager - createEventWithId:8CyDARhTa5
2015-03-20 08:48:17.212 PopulistMVP[5607:1509328] PPLSTDataManager - saveCoreData
2015-03-20 08:48:17.221 PopulistMVP[5607:1509328] PPLSTDataManager - contextHasChanged
2015-03-20 08:48:17.226 PopulistMVP[5607:1509328] PPLSTDataManager - getContributionFromCoreDataWithId:zRDqRBmgFW
2015-03-20 08:48:17.229 PopulistMVP[5607:1509328] getContributionFromCoreDataWithId - 1
2015-03-20 08:48:17.265 PopulistMVP[5607:1509328] getContributionFromCoreDataWithId - 2
2015-03-20 08:48:17.267 PopulistMVP[5607:1509328] getContributionFromCoreDataWithId - 3
2015-03-20 08:48:17.270 PopulistMVP[5607:1509328] getContributionFromCoreDataWithId - 4
2015-03-20 08:48:17.270 PopulistMVP[5607:1509328] Error: No contribution found in core data with contributionId = zRDqRBmgFW
2015-03-20 08:48:17.271 PopulistMVP[5607:1509328] PPLSTDataManager - createContributionWithId:zRDqRBmgFW
2015-03-20 08:48:17.275 PopulistMVP[5607:1509328] PPLSTDataManager - saveCoreData
2015-03-20 08:48:17.288 PopulistMVP[5607:1509328] PPLSTDataManager - contextHasChanged
2015-03-20 08:48:17.291 PopulistMVP[5607:1509328] eventDictionary = {
    city = "Los Angeles";
    containsUser = NO;
    country = USA;
    importance = 6;
    isActive = NO;
    latitude = "34.02102855385472";
    longitude = "-118.4276746740376";
    neighborhood = "Mar Vista";
    objectId = zeh7DtRcX0;
    state = CA;
    titlePhotoId = xg6K8ijf4P;
    updatedAt = "2015-01-31 00:02:35 +0000";
}
2015-03-20 08:48:17.293 PopulistMVP[5607:1509328] PPLSTDataManager - getEventFromCoreDataWithId:zeh7DtRcX0
2015-03-20 08:48:17.298 PopulistMVP[5607:1509328] Error: No event found in core data with eventId = zeh7DtRcX0
2015-03-20 08:48:17.301 PopulistMVP[5607:1509328] PPLSTDataManager - createEventWithId:zeh7DtRcX0
2015-03-20 08:48:17.305 PopulistMVP[5607:1509328] PPLSTDataManager - saveCoreData
2015-03-20 08:48:17.313 PopulistMVP[5607:1509328] PPLSTDataManager - contextHasChanged
2015-03-20 08:48:17.314 PopulistMVP[5607:1509328] PPLSTDataManager - getContributionFromCoreDataWithId:xg6K8ijf4P
2015-03-20 08:48:17.315 PopulistMVP[5607:1509328] getContributionFromCoreDataWithId - 1
2015-03-20 08:48:17.316 PopulistMVP[5607:1509328] getContributionFromCoreDataWithId - 2
2015-03-20 08:48:17.317 PopulistMVP[5607:1509328] getContributionFromCoreDataWithId - 3
2015-03-20 08:48:17.319 PopulistMVP[5607:1509328] getContributionFromCoreDataWithId - 4
2015-03-20 08:48:17.320 PopulistMVP[5607:1509328] Error: No contribution found in core data with contributionId = xg6K8ijf4P
2015-03-20 08:48:17.321 PopulistMVP[5607:1509328] PPLSTDataManager - createContributionWithId:xg6K8ijf4P
2015-03-20 08:48:17.322 PopulistMVP[5607:1509328] PPLSTDataManager - saveCoreData
2015-03-20 08:48:17.332 PopulistMVP[5607:1509328] PPLSTDataManager - contextHasChanged
2015-03-20 08:48:17.335 PopulistMVP[5607:1509328] eventDictionary = {
    city = "Los Angeles";
    containsUser = NO;
    country = USA;
    importance = 3;
    isActive = NO;
    latitude = "34.02098737053295";
    longitude = "-118.4276373126165";
    neighborhood = "Mar Vista";
    objectId = Ax6TZ6d9l8;
    state = CA;
    updatedAt = "2015-03-15 18:49:06 +0000";
}
2015-03-20 08:48:17.339 PopulistMVP[5607:1509328] PPLSTDataManager - getEventFromCoreDataWithId:Ax6TZ6d9l8
2015-03-20 08:48:17.344 PopulistMVP[5607:1509328] eventDictionary = {
    city = "Los Angeles";
    containsUser = NO;
    country = USA;
    importance = 4;
    isActive = NO;
    latitude = "34.02100191372924";
    longitude = "-118.4277054405147";
    neighborhood = "Mar Vista";
    objectId = eSDjAGf0Qz;
    state = CA;
    titlePhotoId = JWkbHRhnbd;
    updatedAt = "2015-02-07 08:19:11 +0000";
}
2015-03-20 08:48:17.345 PopulistMVP[5607:1509328] PPLSTDataManager - getEventFromCoreDataWithId:eSDjAGf0Qz
2015-03-20 08:48:17.347 PopulistMVP[5607:1509328] Error: No event found in core data with eventId = eSDjAGf0Qz
2015-03-20 08:48:17.348 PopulistMVP[5607:1509328] PPLSTDataManager - createEventWithId:eSDjAGf0Qz
2015-03-20 08:48:17.350 PopulistMVP[5607:1509328] PPLSTDataManager - saveCoreData
2015-03-20 08:48:17.362 PopulistMVP[5607:1509328] PPLSTDataManager - contextHasChanged
2015-03-20 08:48:17.364 PopulistMVP[5607:1509328] PPLSTDataManager - getContributionFromCoreDataWithId:JWkbHRhnbd
2015-03-20 08:48:17.370 PopulistMVP[5607:1509328] getContributionFromCoreDataWithId - 1
2015-03-20 08:48:17.371 PopulistMVP[5607:1509328] getContributionFromCoreDataWithId - 2
2015-03-20 08:48:17.372 PopulistMVP[5607:1509328] getContributionFromCoreDataWithId - 3
2015-03-20 08:48:17.377 PopulistMVP[5607:1509328] getContributionFromCoreDataWithId - 4
2015-03-20 08:48:17.377 PopulistMVP[5607:1509328] Error: No contribution found in core data with contributionId = JWkbHRhnbd
2015-03-20 08:48:17.378 PopulistMVP[5607:1509328] PPLSTDataManager - createContributionWithId:JWkbHRhnbd
2015-03-20 08:48:17.379 PopulistMVP[5607:1509328] PPLSTDataManager - saveCoreData
2015-03-20 08:48:17.387 PopulistMVP[5607:1509328] PPLSTDataManager - contextHasChanged
2015-03-20 08:48:17.389 PopulistMVP[5607:1509328] eventDictionary = {
    city = "Los Angeles";
    containsUser = NO;
    country = USA;
    importance = 5;
    isActive = NO;
    latitude = "34.02100745982168";
    longitude = "-118.4276526162418";
    neighborhood = "Mar Vista";
    objectId = wDueINjX7v;
    state = CA;
    titlePhotoId = RC55648KLk;
    updatedAt = "2015-02-08 18:59:05 +0000";
}
2015-03-20 08:48:17.400 PopulistMVP[5607:1509328] PPLSTDataManager - getEventFromCoreDataWithId:wDueINjX7v
2015-03-20 08:48:17.410 PopulistMVP[5607:1509328] eventDictionary = {
    city = "Los Angeles";
    containsUser = NO;
    country = USA;
    importance = 4;
    isActive = NO;
    latitude = "34.0210199510587";
    longitude = "-118.4277028002207";
    neighborhood = "Mar Vista";
    objectId = cLCODUS7pU;
    state = CA;
    titlePhotoId = 0lfVgWbpKd;
    updatedAt = "2015-02-04 05:24:08 +0000";
}
2015-03-20 08:48:17.412 PopulistMVP[5607:1509328] PPLSTDataManager - getEventFromCoreDataWithId:cLCODUS7pU
2015-03-20 08:48:17.416 PopulistMVP[5607:1509328] Error: No event found in core data with eventId = cLCODUS7pU
2015-03-20 08:48:17.417 PopulistMVP[5607:1509328] PPLSTDataManager - createEventWithId:cLCODUS7pU
2015-03-20 08:48:17.417 PopulistMVP[5607:1509328] PPLSTDataManager - saveCoreData
2015-03-20 08:48:17.424 PopulistMVP[5607:1509328] PPLSTDataManager - contextHasChanged
2015-03-20 08:48:17.425 PopulistMVP[5607:1509328] PPLSTDataManager - getContributionFromCoreDataWithId:0lfVgWbpKd
2015-03-20 08:48:17.426 PopulistMVP[5607:1509328] getContributionFromCoreDataWithId - 1
2015-03-20 08:48:17.428 PopulistMVP[5607:1509328] getContributionFromCoreDataWithId - 2
2015-03-20 08:48:17.428 PopulistMVP[5607:1509328] getContributionFromCoreDataWithId - 3
2015-03-20 08:48:17.432 PopulistMVP[5607:1509328] getContributionFromCoreDataWithId - 4
2015-03-20 08:48:17.436 PopulistMVP[5607:1509328] Error: No contribution found in core data with contributionId = 0lfVgWbpKd
2015-03-20 08:48:17.438 PopulistMVP[5607:1509328] PPLSTDataManager - createContributionWithId:0lfVgWbpKd
2015-03-20 08:48:17.440 PopulistMVP[5607:1509328] PPLSTDataManager - saveCoreData
2015-03-20 08:48:17.448 PopulistMVP[5607:1509328] PPLSTDataManager - contextHasChanged
2015-03-20 08:48:17.451 PopulistMVP[5607:1509328] eventDictionary = {
    city = "Los Angeles";
    containsUser = NO;
    country = USA;
    importance = 5;
    isActive = NO;
    latitude = "34.02101553752839";
    longitude = "-118.4276655391445";
    neighborhood = "Mar Vista";
    objectId = LY0GzJnfhL;
    state = CA;
    titlePhotoId = kugFqJZs3r;
    updatedAt = "2015-02-01 22:55:48 +0000";
}
2015-03-20 08:48:17.452 PopulistMVP[5607:1509328] PPLSTDataManager - getEventFromCoreDataWithId:LY0GzJnfhL
2015-03-20 08:48:17.454 PopulistMVP[5607:1509328] Error: No event found in core data with eventId = LY0GzJnfhL
2015-03-20 08:48:17.455 PopulistMVP[5607:1509328] PPLSTDataManager - createEventWithId:LY0GzJnfhL
2015-03-20 08:48:17.456 PopulistMVP[5607:1509328] PPLSTDataManager - saveCoreData
2015-03-20 08:48:17.461 PopulistMVP[5607:1509328] PPLSTDataManager - contextHasChanged
2015-03-20 08:48:17.463 PopulistMVP[5607:1509328] PPLSTDataManager - getContributionFromCoreDataWithId:kugFqJZs3r
2015-03-20 08:48:17.463 PopulistMVP[5607:1509328] getContributionFromCoreDataWithId - 1
2015-03-20 08:48:17.464 PopulistMVP[5607:1509328] getContributionFromCoreDataWithId - 2
2015-03-20 08:48:17.465 PopulistMVP[5607:1509328] getContributionFromCoreDataWithId - 3
2015-03-20 08:48:17.468 PopulistMVP[5607:1509328] getContributionFromCoreDataWithId - 4
2015-03-20 08:48:17.469 PopulistMVP[5607:1509328] Error: No contribution found in core data with contributionId = kugFqJZs3r
2015-03-20 08:48:17.469 PopulistMVP[5607:1509328] PPLSTDataManager - createContributionWithId:kugFqJZs3r
2015-03-20 08:48:17.470 PopulistMVP[5607:1509328] PPLSTDataManager - saveCoreData
2015-03-20 08:48:17.476 PopulistMVP[5607:1509328] PPLSTDataManager - contextHasChanged
2015-03-20 08:48:17.477 PopulistMVP[5607:1509328] eventDictionary = {
    city = "Los Angeles";
    containsUser = NO;
    country = USA;
    importance = 4;
    isActive = NO;
    latitude = "34.02100949742864";
    longitude = "-118.427691999593";
    neighborhood = "Mar Vista";
    objectId = Fx8LJWqBZ8;
    state = CA;
    titlePhotoId = WBSgNoHVH3;
    updatedAt = "2015-02-02 05:11:51 +0000";
}
2015-03-20 08:48:17.478 PopulistMVP[5607:1509328] PPLSTDataManager - getEventFromCoreDataWithId:Fx8LJWqBZ8
2015-03-20 08:48:17.480 PopulistMVP[5607:1509328] Error: No event found in core data with eventId = Fx8LJWqBZ8
2015-03-20 08:48:17.481 PopulistMVP[5607:1509328] PPLSTDataManager - createEventWithId:Fx8LJWqBZ8
2015-03-20 08:48:17.481 PopulistMVP[5607:1509328] PPLSTDataManager - saveCoreData
2015-03-20 08:48:17.489 PopulistMVP[5607:1509328] PPLSTDataManager - contextHasChanged
2015-03-20 08:48:17.491 PopulistMVP[5607:1509328] PPLSTDataManager - getContributionFromCoreDataWithId:WBSgNoHVH3
2015-03-20 08:48:17.492 PopulistMVP[5607:1509328] getContributionFromCoreDataWithId - 1
2015-03-20 08:48:17.496 PopulistMVP[5607:1509328] getContributionFromCoreDataWithId - 2
2015-03-20 08:48:17.496 PopulistMVP[5607:1509328] getContributionFromCoreDataWithId - 3
2015-03-20 08:48:17.498 PopulistMVP[5607:1509328] getContributionFromCoreDataWithId - 4
2015-03-20 08:48:17.501 PopulistMVP[5607:1509328] Error: No contribution found in core data with contributionId = WBSgNoHVH3
2015-03-20 08:48:17.502 PopulistMVP[5607:1509328] PPLSTDataManager - createContributionWithId:WBSgNoHVH3
2015-03-20 08:48:17.502 PopulistMVP[5607:1509328] PPLSTDataManager - saveCoreData
2015-03-20 08:48:17.507 PopulistMVP[5607:1509328] PPLSTDataManager - contextHasChanged
2015-03-20 08:48:17.509 PopulistMVP[5607:1509328] eventDictionary = {
    city = "Los Angeles";
    containsUser = NO;
    country = USA;
    importance = 3;
    isActive = NO;
    latitude = "34.02100856830307";
    longitude = "-118.4276668429852";
    neighborhood = "Mar Vista";
    objectId = fewf9BumUm;
    state = CA;
    titlePhotoId = OUyH0UtkVz;
    updatedAt = "2015-02-05 02:37:52 +0000";
}
2015-03-20 08:48:17.510 PopulistMVP[5607:1509328] PPLSTDataManager - getEventFromCoreDataWithId:fewf9BumUm
2015-03-20 08:48:17.512 PopulistMVP[5607:1509328] Error: No event found in core data with eventId = fewf9BumUm
2015-03-20 08:48:17.513 PopulistMVP[5607:1509328] PPLSTDataManager - createEventWithId:fewf9BumUm
2015-03-20 08:48:17.514 PopulistMVP[5607:1509328] PPLSTDataManager - saveCoreData
2015-03-20 08:48:17.520 PopulistMVP[5607:1509328] PPLSTDataManager - contextHasChanged
2015-03-20 08:48:17.522 PopulistMVP[5607:1509328] PPLSTDataManager - getContributionFromCoreDataWithId:OUyH0UtkVz
2015-03-20 08:48:17.523 PopulistMVP[5607:1509328] getContributionFromCoreDataWithId - 1
2015-03-20 08:48:17.524 PopulistMVP[5607:1509328] getContributionFromCoreDataWithId - 2
2015-03-20 08:48:17.528 PopulistMVP[5607:1509328] getContributionFromCoreDataWithId - 3
2015-03-20 08:48:17.530 PopulistMVP[5607:1509328] getContributionFromCoreDataWithId - 4
2015-03-20 08:48:17.531 PopulistMVP[5607:1509328] Error: No contribution found in core data with contributionId = OUyH0UtkVz
2015-03-20 08:48:17.535 PopulistMVP[5607:1509328] PPLSTDataManager - createContributionWithId:OUyH0UtkVz
2015-03-20 08:48:17.536 PopulistMVP[5607:1509328] PPLSTDataManager - saveCoreData
2015-03-20 08:48:17.540 PopulistMVP[5607:1509328] PPLSTDataManager - contextHasChanged
2015-03-20 08:48:17.543 PopulistMVP[5607:1509328] eventDictionary = {
    city = "Los Angeles";
    containsUser = NO;
    country = USA;
    importance = 3;
    isActive = NO;
    latitude = "34.02103416955273";
    longitude = "-118.4276823076166";
    neighborhood = "Mar Vista";
    objectId = DkXC8cul6F;
    state = CA;
    titlePhotoId = lyEyq9ocYw;
    updatedAt = "2015-02-04 17:09:24 +0000";
}
2015-03-20 08:48:17.544 PopulistMVP[5607:1509328] PPLSTDataManager - getEventFromCoreDataWithId:DkXC8cul6F
2015-03-20 08:48:17.550 PopulistMVP[5607:1509328] Error: No event found in core data with eventId = DkXC8cul6F
2015-03-20 08:48:17.551 PopulistMVP[5607:1509328] PPLSTDataManager - createEventWithId:DkXC8cul6F
2015-03-20 08:48:17.559 PopulistMVP[5607:1509328] PPLSTDataManager - saveCoreData
2015-03-20 08:48:17.628 PopulistMVP[5607:1509328] PPLSTDataManager - contextHasChanged
2015-03-20 08:48:17.634 PopulistMVP[5607:1509328] PPLSTDataManager - getContributionFromCoreDataWithId:lyEyq9ocYw
2015-03-20 08:48:17.635 PopulistMVP[5607:1509328] getContributionFromCoreDataWithId - 1
2015-03-20 08:48:17.638 PopulistMVP[5607:1509328] getContributionFromCoreDataWithId - 2
2015-03-20 08:48:17.641 PopulistMVP[5607:1509328] getContributionFromCoreDataWithId - 3
2015-03-20 08:48:17.648 PopulistMVP[5607:1509328] getContributionFromCoreDataWithId - 4
2015-03-20 08:48:17.662 PopulistMVP[5607:1509328] Error: No contribution found in core data with contributionId = lyEyq9ocYw
2015-03-20 08:48:17.666 PopulistMVP[5607:1509328] PPLSTDataManager - createContributionWithId:lyEyq9ocYw
2015-03-20 08:48:17.729 PopulistMVP[5607:1509328] PPLSTDataManager - saveCoreData
2015-03-20 08:48:17.738 PopulistMVP[5607:1509328] PPLSTDataManager - contextHasChanged
2015-03-20 08:48:17.739 PopulistMVP[5607:1509328] eventDictionary = {
    city = "Los Angeles";
    containsUser = NO;
    country = USA;
    importance = 1;
    isActive = NO;
    latitude = "34.02103445261439";
    longitude = "-118.4277099483267";
    neighborhood = "Mar Vista";
    objectId = Hp0IKBtAgk;
    state = CA;
    updatedAt = "2015-03-06 02:47:47 +0000";
}
2015-03-20 08:48:17.745 PopulistMVP[5607:1509328] PPLSTDataManager - getEventFromCoreDataWithId:Hp0IKBtAgk
2015-03-20 08:48:17.751 PopulistMVP[5607:1509328] Error: No event found in core data with eventId = Hp0IKBtAgk
2015-03-20 08:48:17.766 PopulistMVP[5607:1509328] PPLSTDataManager - createEventWithId:Hp0IKBtAgk
2015-03-20 08:48:17.768 PopulistMVP[5607:1509328] PPLSTDataManager - saveCoreData
2015-03-20 08:48:17.776 PopulistMVP[5607:1509328] PPLSTDataManager - contextHasChanged
2015-03-20 08:48:17.776 PopulistMVP[5607:1509328] PPLSTDataManager - randomgStringWithLength:10
2015-03-20 08:48:17.777 PopulistMVP[5607:1509328] PPLSTDataManager - getContributionFromCoreDataWithId:dummyfzxc0WG0lV
2015-03-20 08:48:17.778 PopulistMVP[5607:1509328] getContributionFromCoreDataWithId - 1
2015-03-20 08:48:17.778 PopulistMVP[5607:1509328] getContributionFromCoreDataWithId - 2
2015-03-20 08:48:17.780 PopulistMVP[5607:1509328] getContributionFromCoreDataWithId - 3
2015-03-20 08:48:17.782 PopulistMVP[5607:1509328] getContributionFromCoreDataWithId - 4
2015-03-20 08:48:17.788 PopulistMVP[5607:1509328] getContributionFromCoreDataWithId - 5
2015-03-20 08:48:17.806 PopulistMVP[5607:1509328] eventDictionary = {
    city = "Los Angeles";
    containsUser = NO;
    country = USA;
    importance = 2;
    isActive = NO;
    latitude = "34.02099484944684";
    longitude = "-118.4276908226261";
    neighborhood = "Mar Vista";
    objectId = SNEk0EjtAk;
    state = CA;
    updatedAt = "2015-02-03 07:45:14 +0000";
}
2015-03-20 08:48:17.807 PopulistMVP[5607:1509328] PPLSTDataManager - getEventFromCoreDataWithId:SNEk0EjtAk
2015-03-20 08:48:17.809 PopulistMVP[5607:1509328] PPLSTDataManager - randomgStringWithLength:10
2015-03-20 08:48:17.810 PopulistMVP[5607:1509328] PPLSTDataManager - getContributionFromCoreDataWithId:dummyAj6ATjjX2A
2015-03-20 08:48:17.835 PopulistMVP[5607:1509328] getContributionFromCoreDataWithId - 1
2015-03-20 08:48:17.838 PopulistMVP[5607:1509328] getContributionFromCoreDataWithId - 2
2015-03-20 08:48:17.839 PopulistMVP[5607:1509328] getContributionFromCoreDataWithId - 3
2015-03-20 08:48:17.875 PopulistMVP[5607:1509328] getContributionFromCoreDataWithId - 4
2015-03-20 08:48:17.877 PopulistMVP[5607:1509328] getContributionFromCoreDataWithId - 5
2015-03-20 08:48:17.879 PopulistMVP[5607:1509328] eventDictionary = {
    city = "Los Angeles";
    containsUser = NO;
    country = USA;
    importance = 2;
    isActive = NO;
    latitude = "34.02099557178344";
    longitude = "-118.4276593841088";
    neighborhood = "Mar Vista";
    objectId = eoE1TgeJCI;
    state = CA;
    titlePhotoId = 8QM7NZxM0Q;
    updatedAt = "2015-02-08 07:13:27 +0000";
}
2015-03-20 08:48:17.880 PopulistMVP[5607:1509328] PPLSTDataManager - getEventFromCoreDataWithId:eoE1TgeJCI
2015-03-20 08:48:17.883 PopulistMVP[5607:1509328] eventDictionary = {
    city = "Los Angeles";
    containsUser = NO;
    country = USA;
    importance = 2;
    isActive = NO;
    latitude = "34.02101370011396";
    longitude = "-118.4276583617667";
    neighborhood = "Mar Vista";
    objectId = wAze0tEH5E;
    state = CA;
    titlePhotoId = GnQJDXTdP6;
    updatedAt = "2015-02-17 17:11:10 +0000";
}
2015-03-20 08:48:17.884 PopulistMVP[5607:1509328] PPLSTDataManager - getEventFromCoreDataWithId:wAze0tEH5E
2015-03-20 08:48:17.891 PopulistMVP[5607:1509328] PPLSTDataManager - saveCoreData
2015-03-20 08:48:17.898 PopulistMVP[5607:1509328] PPLSTDataManager - contextHasChanged
2015-03-20 08:48:17.901 PopulistMVP[5607:1509328] PPLSTDataManager - sendSignalWithLatitude:34.020836 andLongitude:-118.427864 andDate:2015-03-20 15:48:14 +0000
2015-03-20 08:48:17.901 PopulistMVP[5607:1509328] PPLSTLocationManager - getLocationStringData
2015-03-20 08:48:17.902 PopulistMVP[5607:1509328] We're using the coordiantes self.currentLocation.coordinate.latitude = 34.020837 and longitude = -118.427863
2015-03-20 08:48:17.904 PopulistMVP[5607:1509328] request = <NSMutableURLRequest: 0x17000f670> { URL: https://maps.googleapis.com/maps/api/geocode/json?latlng=34.020837,-118.427863&sensor=false&result_type=neighborhood%7Clocality%7Ccountry&key=AIzaSyClR6wH3_BfA1bXFjr3LEI-Cp_SiOrPJog }
2015-03-20 08:48:17.910 PopulistMVP[5607:1509328] returnData = <7b0a2020 20227265 73756c74 7322203a 205b0a20 20202020 207b0a20 20202020 20202020 22616464 72657373 5f636f6d 706f6e65 6e747322 203a205b 0a202020 20202020 20202020 207b0a20 20202020 20202020 20202020 2020226c 6f6e675f 6e616d65 22203a20 224d6172 20566973 7461222c 0a202020 20202020 20202020 20202020 2273686f 72745f6e 616d6522 203a2022 4d617220 56697374 61222c0a 20202020 20202020 20202020 20202022 74797065 7322203a 205b2022 6e656967 68626f72 686f6f64 222c2022 706f6c69 74696361 6c22205d 0a202020 20202020 20202020 207d2c0a 20202020 20202020 20202020 7b0a2020 20202020 20202020 20202020 20226c6f 6e675f6e 616d6522 203a2022 4c6f7320 416e6765 6c657322 2c0a2020 20202020 20202020 20202020 20227368 6f72745f 6e616d65 22203a20 224c4122 2c0a2020 20202020 20202020 20202020 20227479 70657322 203a205b 20226c6f 63616c69 7479222c 2022706f 6c697469 63616c22 205d0a20 20202020 20202020 2020207d 2c0a2020 20202020 20202020 20207b0a 20202020 20202020 20202020 20202022 6c6f6e67 5f6e616d 6522203a 20224c6f 7320416e 67656c65 7320436f 756e7479 222c0a20 20202020 20202020 20202020 20202273 686f7274 5f6e616d 6522203a 20224c6f 7320416e 67656c65 7320436f 756e7479 222c0a20 20202020 20202020 20202020 20202274 79706573 22203a20 5b202261 646d696e 69737472 61746976 655f6172 65615f6c 6576656c 5f32222c 2022706f 6c697469 63616c22 205d0a20 20202020 20202020 2020207d 2c0a2020 20202020 20202020 20207b0a 20202020 20202020 20202020 20202022 6c6f6e67 5f6e616d 6522203a 20224361 6c69666f 726e6961 222c0a20 20202020 20202020 20202020 20202273 686f7274 5f6e616d 6522203a 20224341 222c0a20 20202020 20202020 20202020 20202274 79706573 22203a20 5b202261 646d696e 69737472 61746976 655f6172 65615f6c 6576656c 5f31222c 2022706f 6c697469 63616c22 205d0a20 20202020 20202020 2020207d 2c0a2020 20202020 20202020 20207b0a 20202020 20202020 20202020 20202022 6c6f6e67 5f6e616d 6522203a 2022556e 69746564 20537461 74657322 2c0a2020 20202020 20202020 20202020 20227368 6f72745f 6e616d65 22203a20 22555322 2c0a2020 20202020 20202020 20202020 20227479 70657322 203a205b 2022636f 756e7472 79222c20 22706f6c 69746963 616c2220 5d0a2020 20202020 20202020 20207d0a 20202020 20202020 205d2c0a 20202020 20202020 2022666f 726d6174 7465645f 61646472 65737322 203a2022 4d617220 56697374 612c204c 6f732041 6e67656c 65732c20 43412c20 55534122 2c0a2020 20202020 20202022 67656f6d 65747279 22203a20 7b0a2020 20202020 20202020 20202262 6f756e64 7322203a 207b0a20 20202020 20202020 20202020 2020226e 6f727468 65617374 22203a20 7b0a2020 20202020 20202020 20202020 20202020 226c6174 22203a20 33342e30 33313335 392c0a20 20202020 20202020 20202020 20202020 20226c6e 6722203a 202d3131 382e3431 37313733 0a202020 20202020 20202020 20202020 7d2c0a20 20202020 20202020 20202020 20202273 6f757468 77657374 22203a20 7b0a2020 20202020 20202020 20202020 20202020 226c6174 22203a20 33332e39 39333630 332c0a20 20202020 20202020 20202020 20202020 20226c6e 6722203a 202d3131 382e3435 36323131 380a2020 20202020 20202020 20202020 207d0a20 20202020 20202020 2020207d 2c0a2020 20202020 20202020 2020226c 6f636174 696f6e22 203a207b 0a202020 20202020 20202020 20202020 226c6174 22203a20 33342e30 31353235 36372c0a 20202020 20202020 20202020 20202022 6c6e6722 203a202d 3131382e 34333338 3334350a 20202020 20202020 20202020 7d2c0a20 20202020 20202020 20202022 6c6f6361 74696f6e 5f747970 6522203a 20224150 50524f58 494d4154 45222c0a 20202020 20202020 20202020 22766965 77706f72 7422203a 207b0a20 20202020 20202020 20202020 2020226e 6f727468 65617374 22203a20 7b0a2020 20202020 20202020 20202020 20202020 226c6174 22203a20 33342e30 33313335 392c0a20 20202020 20202020 20202020 20202020 20226c6e 6722203a 202d3131 382e3431 37313733 0a202020 20202020 20202020 20202020 7d2c0a20 20202020 20202020 20202020 20202273 6f757468 77657374 22203a20 7b0a2020 20202020 20202020 20202020 20202020 226c6174 22203a20 33332e39 39333630 332c0a20 20202020 20202020 20202020 20202020 20226c6e 6722203a 202d3131 382e3435 36323131 380a2020 20202020 20202020 20202020 207d0a20 20202020 20202020 2020207d 0a202020 20202020 20207d2c 0a202020 20202020 20202270 6c616365 5f696422 203a2022 4368494a 4d584e6b 2d466136 776f4152 6671536a 36443067 68733822 2c0a2020 20202020 20202022 74797065 7322203a 205b2022 6e656967 68626f72 686f6f64 222c2022 706f6c69 74696361 6c22205d 0a202020 2020207d 2c0a2020 20202020 7b0a2020 20202020 20202022 61646472 6573735f 636f6d70 6f6e656e 74732220 3a205b0a 20202020 20202020 20202020 7b0a2020 20202020 20202020 20202020 20226c6f 6e675f6e 616d6522 203a2022 4c6f7320 416e6765 6c657322 2c0a2020 20202020 20202020 20202020 20227368 6f72745f 6e616d65 22203a20 224c4122 2c0a2020 20202020 20202020 20202020 20227479 70657322 203a205b 20226c6f 63616c69 7479222c 2022706f 6c697469 63616c22 205d0a20 20202020 20202020 2020207d 2c0a2020 20202020 20202020 20207b0a 20202020 20202020 20202020 20202022 6c6f6e67 5f6e616d 6522203a 20224c6f 7320416e 67656c65 7320436f 756e7479 222c0a20 20202020 20202020 20202020 20202273 686f7274 5f6e616d 6522203a 20224c6f 7320416e 67656c65 7320436f 756e7479 222c0a20 20202020 20202020 20202020 20202274 79706573 22203a20 5b202261 646d696e 69737472 61746976 655f6172 65615f6c 6576656c 5f32222c 2022706f 6c697469 63616c22 205d0a20 20202020 20202020 2020207d 2c0a2020 20202020 20202020 20207b0a 20202020 20202020 20202020 20202022 6c6f6e67 5f6e616d 6522203a 20224361 6c69666f 726e6961 222c0a20 20202020 20202020 20202020 20202273 686f7274 5f6e616d 6522203a 20224341 222c0a20 20202020 20202020 20202020 20202274 79706573 22203a20 5b202261 646d696e 69737472 61746976 655f6172 65615f6c 6576656c 5f31222c 2022706f 6c697469 63616c22 205d0a20 20202020 20202020 2020207d 2c0a2020 20202020 20202020 20207b0a 20202020 20202020 20202020 20202022 6c6f6e67 5f6e616d 6522203a 2022556e 69746564 20537461 74657322 2c0a2020 20202020 20202020 20202020 20227368 6f72745f 6e616d65 22203a20 22555322 2c0a2020 20202020 20202020 20202020 20227479 70657322 203a205b 2022636f 756e7472 79222c20 22706f6c 69746963 616c2220 5d0a2020 20202020 20202020 20207d0a 20202020 20202020 205d2c0a 20202020 20202020 2022666f 726d6174 7465645f 61646472 65737322 203a2022 4c6f7320 416e6765 6c65732c 2043412c 20555341 222c0a20 20202020 20202020 2267656f 6d657472 7922203a 207b0a20 20202020 20202020 20202022 626f756e 64732220 3a207b0a 20202020 20202020 20202020 20202022 6e6f7274 68656173 7422203a 207b0a20 20202020 20202020 20202020 20202020 20226c61 7422203a 2033342e 33333733 3036312c 0a202020 20202020 20202020 20202020 20202022 6c6e6722 203a202d 3131382e 31353532 3839310a 20202020 20202020 20202020 2020207d 2c0a2020 20202020 20202020 20202020 2022736f 75746877 65737422 203a207b 0a202020 20202020 20202020 20202020 20202022 6c617422 203a2033 332e3730 33363931 372c0a20 20202020 20202020 20202020 20202020 20226c6e 6722203a 202d3131 382e3636 38313735 390a2020 20202020 20202020 20202020 207d0a20 20202020 20202020 2020207d 2c0a2020 20202020 20202020 2020226c 6f636174 696f6e22 203a207b 0a202020 20202020 20202020 20202020 226c6174 22203a20 33342e30 35323233 34322c0a 20202020 20202020 20202020 20202022 6c6e6722 203a202d 3131382e 32343336 3834390a 20202020 20202020 20202020 7d2c0a20 20202020 20202020 20202022 6c6f6361 74696f6e 5f747970 6522203a 20224150 50524f58 494d4154 45222c0a 20202020 20202020 20202020 22766965 77706f72 7422203a 207b0a20 20202020 20202020 20202020 2020226e 6f727468 65617374 22203a20 7b0a2020 20202020 20202020 20202020 20202020 226c6174 22203a20 33342e33 33373330 36312c0a 20202020 20202020 20202020 20202020 2020226c 6e672220 3a202d31 31382e31 35353238 39310a20 20202020 20202020 20202020 20207d2c 0a202020 20202020 20202020 20202020 22736f75 74687765 73742220 3a207b0a 20202020 20202020 20202020 20202020 2020226c 61742220 3a203333 2e373033 36393137 2c0a2020 20202020 20202020 20202020 20202020 226c6e67 22203a20 2d313138 2e363638 31373539 0a202020 20202020 20202020 20202020 7d0a2020 20202020 20202020 20207d0a 20202020 20202020 207d2c0a 20202020 20202020 2022706c 6163655f 69642220 3a202243 68494a45 396f6e33 46334877 6f415239 4168474a 575f664c 2d49222c 0a202020 20202020 20202274 79706573 22203a20 5b20226c 6f63616c 69747922 2c202270 6f6c6974 6963616c 22205d0a 20202020 20207d2c 0a202020 2020207b 0a202020 20202020 20202261 64647265 73735f63 6f6d706f 6e656e74 7322203a 205b0a20 20202020 20202020 2020207b 0a202020 20202020 20202020 20202020 226c6f6e 675f6e61 6d652220 3a202255 6e697465 64205374 61746573 222c0a20 20202020 20202020 20202020 20202273 686f7274 5f6e616d 6522203a 20225553 222c0a20 20202020 20202020 20202020 20202274 79706573 22203a20 5b202263 6f756e74 7279222c 2022706f 6c697469 63616c22 205d0a20 20202020 20202020 2020207d 0a202020 20202020 20205d2c 0a202020 20202020 20202266 6f726d61 74746564 5f616464 72657373 22203a20 22556e69 74656420 53746174 6573222c 0a202020 20202020 20202267 656f6d65 74727922 203a207b 0a202020 20202020 20202020 2022626f 756e6473 22203a20 7b0a2020 20202020 20202020 20202020 20226e6f 72746865 61737422 203a207b 0a202020 20202020 20202020 20202020 20202022 6c617422 203a2037 312e3338 39383838 2c0a2020 20202020 20202020 20202020 20202020 226c6e67 22203a20 2d36362e 39343533 39343639 39393939 39390a20 20202020 20202020 20202020 20207d2c 0a202020 20202020 20202020 20202020 22736f75 74687765 73742220 3a207b0a 20202020 20202020 20202020 20202020 2020226c 61742220 3a203138 2e393131 30363432 2c0a2020 20202020 20202020 20202020 20202020 226c6e67 22203a20 3137322e 34343538 3935350a 20202020 20202020 20202020 2020207d 0a202020 20202020 20202020 207d2c0a 20202020 20202020 20202020 226c6f63 6174696f 6e22203a 207b0a20 20202020 20202020 20202020 2020226c 61742220 3a203337 2e303930 32342c0a 20202020 20202020 20202020 20202022 6c6e6722 203a202d 39352e37 31323839 310a2020 20202020 20202020 20207d2c 0a202020 20202020 20202020 20226c6f 63617469 6f6e5f74 79706522 203a2022 41505052 4f58494d 41544522 2c0a2020 20202020 20202020 20202276 69657770 6f727422 203a207b 0a202020 20202020 20202020 20202020 226e6f72 74686561 73742220 3a207b0a 20202020 20202020 20202020 20202020 2020226c 61742220 3a203439 2e33382c 0a202020 20202020 20202020 20202020 20202022 6c6e6722 203a202d 36362e39 340a2020 20202020 20202020 20202020 207d2c0a 20202020 20202020 20202020 20202022 736f7574 68776573 7422203a 207b0a20 20202020 20202020 20202020 20202020 20226c61 7422203a 2032352e 38322c0a 20202020 20202020 20202020 20202020 2020226c 6e672220 3a202d31 32342e33 390a2020 20202020 20202020 20202020 207d0a20 20202020 20202020 2020207d 0a202020 20202020 20207d2c 0a202020 20202020 20202270 6c616365 5f696422 203a2022 4368494a 437a5979 35495331 366c5152 51726665 51354b35 4f787722 2c0a2020 20202020 20202022 74797065 7322203a 205b2022 636f756e 74727922 2c202270 6f6c6974 6963616c 22205d0a 20202020 20207d0a 2020205d 2c0a2020 20227374 61747573 22203a20 224f4b22 0a7d0a>
2015-03-20 08:48:17.932 PopulistMVP[5607:1509328] dictionary = {
    results =     (
                {
            "address_components" =             (
                                {
                    "long_name" = "Mar Vista";
                    "short_name" = "Mar Vista";
                    types =                     (
                        neighborhood,
                        political
                    );
                },
                                {
                    "long_name" = "Los Angeles";
                    "short_name" = LA;
                    types =                     (
                        locality,
                        political
                    );
                },
                                {
                    "long_name" = "Los Angeles County";
                    "short_name" = "Los Angeles County";
                    types =                     (
                        "administrative_area_level_2",
                        political
                    );
                },
                                {
                    "long_name" = California;
                    "short_name" = CA;
                    types =                     (
                        "administrative_area_level_1",
                        political
                    );
                },
                                {
                    "long_name" = "United States";
                    "short_name" = US;
                    types =                     (
                        country,
                        political
                    );
                }
            );
            "formatted_address" = "Mar Vista, Los Angeles, CA, USA";
            geometry =             {
                bounds =                 {
                    northeast =                     {
                        lat = "34.031359";
                        lng = "-118.417173";
                    };
                    southwest =                     {
                        lat = "33.993603";
                        lng = "-118.4562118";
                    };
                };
                location =                 {
                    lat = "34.0152567";
                    lng = "-118.4338345";
                };
                "location_type" = APPROXIMATE;
                viewport =                 {
                    northeast =                     {
                        lat = "34.031359";
                        lng = "-118.417173";
                    };
                    southwest =                     {
                        lat = "33.993603";
                        lng = "-118.4562118";
                    };
                };
            };
            "place_id" = "ChIJMXNk-Fa6woARfqSj6D0ghs8";
            types =             (
                neighborhood,
                political
            );
        },
                {
            "address_components" =             (
                                {
                    "long_name" = "Los Angeles";
                    "short_name" = LA;
                    types =                     (
                        locality,
                        political
                    );
                },
                                {
                    "long_name" = "Los Angeles County";
                    "short_name" = "Los Angeles County";
                    types =                     (
                        "administrative_area_level_2",
                        political
                    );
                },
                                {
                    "long_name" = California;
                    "short_name" = CA;
                    types =                     (
                        "administrative_area_level_1",
                        political
                    );
                },
                                {
                    "long_name" = "United States";
                    "short_name" = US;
                    types =                     (
                        country,
                        political
                    );
                }
            );
            "formatted_address" = "Los Angeles, CA, USA";
            geometry =             {
                bounds =                 {
                    northeast =                     {
                        lat = "34.3373061";
                        lng = "-118.1552891";
                    };
                    southwest =                     {
                        lat = "33.7036917";
                        lng = "-118.6681759";
                    };
                };
                location =                 {
                    lat = "34.0522342";
                    lng = "-118.2436849";
                };
                "location_type" = APPROXIMATE;
                viewport =                 {
                    northeast =                     {
                        lat = "34.3373061";
                        lng = "-118.1552891";
                    };
                    southwest =                     {
                        lat = "33.7036917";
                        lng = "-118.6681759";
                    };
                };
            };
            "place_id" = "ChIJE9on3F3HwoAR9AhGJW_fL-I";
            types =             (
                locality,
                political
            );
        },
                {
            "address_components" =             (
                                {
                    "long_name" = "United States";
                    "short_name" = US;
                    types =                     (
                        country,
                        political
                    );
                }
            );
            "formatted_address" = "United States";
            geometry =             {
                bounds =                 {
                    northeast =                     {
                        lat = "71.389888";
                        lng = "-66.94539469999999";
                    };
                    southwest =                     {
                        lat = "18.9110642";
                        lng = "172.4458955";
                    };
                };
                location =                 {
                    lat = "37.09024";
                    lng = "-95.712891";
                };
                "location_type" = APPROXIMATE;
                viewport =                 {
                    northeast =                     {
                        lat = "49.38";
                        lng = "-66.94";
                    };
                    southwest =                     {
                        lat = "25.82";
                        lng = "-124.39";
                    };
                };
            };
            "place_id" = ChIJCzYy5IS16lQRQrfeQ5K5Oxw;
            types =             (
                country,
                political
            );
        }
    );
    status = OK;
}
2015-03-20 08:48:17.940 PopulistMVP[5607:1509328] formattedAddress = Mar Vista, Los Angeles, CA, USA
2015-03-20 08:48:17.941 PopulistMVP[5607:1509328] locationArray = (
    "Mar Vista",
    " Los Angeles",
    " CA",
    " USA"
)
2015-03-20 08:48:17.942 PopulistMVP[5607:1509328] locationStringDictionary = {
    city = "";
    country = "";
    neighborhood = "";
    state = "";
}
2015-03-20 08:48:17.943 PopulistMVP[5607:1509328] count > 0
2015-03-20 08:48:17.943 PopulistMVP[5607:1509328] count > 1
2015-03-20 08:48:17.944 PopulistMVP[5607:1509328] count > 2
2015-03-20 08:48:17.945 PopulistMVP[5607:1509328] count > 3
2015-03-20 08:48:17.946 PopulistMVP[5607:1509328] Now, locationStringDictionary = {
    city = "Los Angeles";
    country = USA;
    neighborhood = "Mar Vista";
    state = CA;
}
2015-03-20 08:48:17.948 PopulistMVP[5607:1509328] Right before creating the parameter dictionary. Here are the parameters:
2015-03-20 08:48:17.950 PopulistMVP[5607:1509328] latitude: -118.427864, longitude: 34.020836, locationDataDictionary: {
    city = "Los Angeles";
    country = USA;
    neighborhood = "Mar Vista";
    state = CA;
}, locationDataDictionary[country]: USA, locationDataDictionary[state]: CA, locationDataDictionary[city]: Los Angeles, locationDataDictionary[neighborhood]: Mar Vista.
2015-03-20 08:48:17.959 PopulistMVP[5607:1509328] Warning: A long-running operation is being executed on the main thread. 
 Break on warnBlockingOperationOnMainThread() to debug.
