2015-03-20 14:18:46.783 PopulistMVP[6185:1583480] Reachability Flag Status: WR t----l- networkStatusForFlags
2015-03-20 14:18:46.825 PopulistMVP[6185:1583480] Warning: A long-running operation is being executed on the main thread. 
 Break on warnBlockingOperationOnMainThread() to debug.
2015-03-20 14:18:47.429 PopulistMVP[6185:1583480] Reachability Flag Status: WR t----l- networkStatusForFlags
2015-03-20 14:18:47.461 PopulistMVP[6185:1583480] PPLSTDataManager - createAvatarForStatusDictionary
2015-03-20 14:18:47.473 PopulistMVP[6185:1583480] updateEvents
2015-03-20 14:18:47.473 PopulistMVP[6185:1583480] startUpdatingEvents
2015-03-20 14:18:47.551 PopulistMVP[6185:1583480] PPLSTLocationManager - locationManager:<CLLocationManager: 0x17401c6d0> didChangeAuthorizationStatus to status = 3
2015-03-20 14:18:47.552 PopulistMVP[6185:1583480] didAcceptAuthorization triggered in ExploreVC
2015-03-20 14:18:47.552 PopulistMVP[6185:1583480] updateEvents
2015-03-20 14:18:47.562 PopulistMVP[6185:1583480] PPLSTLocationManager - locationManager:<CLLocationManager: 0x17401c6d0> didUpdateLocations:(
    "<+34.00921217,-118.49007923> +/- 65.00m (speed -1.00 mps / course -1.00) @ 3/20/15, 11:24:21 AM Pacific Daylight Time"
)
2015-03-20 14:18:47.563 PopulistMVP[6185:1583480] locationManager didUpdateLocation lastObject = <+34.00921217,-118.49007923> +/- 65.00m (speed -1.00 mps / course -1.00) @ 3/20/15, 11:24:21 AM Pacific Daylight Time, accuracy = 65.000000
2015-03-20 14:18:47.564 PopulistMVP[6185:1583480] PPLSTLocationManager - locationManager:<CLLocationManager: 0x17401c6d0> didUpdateLocations:(
    "<+34.00718349,-118.48869061> +/- 10.00m (speed 0.00 mps / course -1.00) @ 3/20/15, 2:18:41 PM Pacific Daylight Time"
)
2015-03-20 14:18:47.564 PopulistMVP[6185:1583480] locationManager didUpdateLocation lastObject = <+34.00718349,-118.48869061> +/- 10.00m (speed 0.00 mps / course -1.00) @ 3/20/15, 2:18:41 PM Pacific Daylight Time, accuracy = 10.000000
2015-03-20 14:18:47.565 PopulistMVP[6185:1583480] didRegisterForRemoteNotificationWithDeviceToken:<7713a765 5de3b6d7 fb140745 5cd4c3a5 124775c8 87133450 4390442c e6829766>
2015-03-20 14:18:48.049 PopulistMVP[6185:1583480] Warning: A long-running operation is being executed on the main thread. 
 Break on warnBlockingOperationOnMainThread() to debug.
2015-03-20 14:18:48.051 PopulistMVP[6185:1583480] PPLSTLocationManager - locationManager:<CLLocationManager: 0x17401c6d0> didUpdateLocations:(
    "<+34.00718349,-118.48869061> +/- 65.00m (speed -1.00 mps / course -1.00) @ 3/20/15, 2:18:47 PM Pacific Daylight Time"
)
2015-03-20 14:18:48.052 PopulistMVP[6185:1583480] locationManager didUpdateLocation lastObject = <+34.00718349,-118.48869061> +/- 65.00m (speed -1.00 mps / course -1.00) @ 3/20/15, 2:18:47 PM Pacific Daylight Time, accuracy = 65.000000
2015-03-20 14:18:48.079 PopulistMVP[6185:1583480] PPLSTLocationManager - locationManager:<CLLocationManager: 0x17401c6d0> didUpdateLocations:(
    "<+34.00718349,-118.48869061> +/- 65.00m (speed -1.00 mps / course -1.00) @ 3/20/15, 2:18:47 PM Pacific Daylight Time"
)
2015-03-20 14:18:48.080 PopulistMVP[6185:1583480] locationManager didUpdateLocation lastObject = <+34.00718349,-118.48869061> +/- 65.00m (speed -1.00 mps / course -1.00) @ 3/20/15, 2:18:47 PM Pacific Daylight Time, accuracy = 65.000000
2015-03-20 14:18:48.083 PopulistMVP[6185:1583480] PPLSTLocationManager - locationManager:<CLLocationManager: 0x17401c6d0> didUpdateLocations:(
    "<+34.00722946,-118.48879924> +/- 65.00m (speed -1.00 mps / course -1.00) @ 3/20/15, 2:18:47 PM Pacific Daylight Time"
)
2015-03-20 14:18:48.084 PopulistMVP[6185:1583480] locationManager didUpdateLocation lastObject = <+34.00722946,-118.48879924> +/- 65.00m (speed -1.00 mps / course -1.00) @ 3/20/15, 2:18:47 PM Pacific Daylight Time, accuracy = 65.000000
2015-03-20 14:18:49.007 PopulistMVP[6185:1583480] PPLSTLocationManager - locationManager:<CLLocationManager: 0x17401c6d0> didUpdateLocations:(
    "<+34.00738017,-118.48877133> +/- 30.00m (speed 3.35 mps / course 1.41) @ 3/20/15, 2:18:48 PM Pacific Daylight Time"
)
2015-03-20 14:18:49.008 PopulistMVP[6185:1583480] locationManager didUpdateLocation lastObject = <+34.00738017,-118.48877133> +/- 30.00m (speed 3.35 mps / course 1.41) @ 3/20/15, 2:18:48 PM Pacific Daylight Time, accuracy = 30.000000
2015-03-20 14:18:49.081 PopulistMVP[6185:1583480] PPLSTLocationManager - locationManager:<CLLocationManager: 0x17401c6d0> didUpdateLocations:(
    "<+34.00739760,-118.48877083> +/- 30.00m (speed 3.35 mps / course 1.41) @ 3/20/15, 2:18:49 PM Pacific Daylight Time"
)
2015-03-20 14:18:49.083 PopulistMVP[6185:1583480] locationManager didUpdateLocation lastObject = <+34.00739760,-118.48877083> +/- 30.00m (speed 3.35 mps / course 1.41) @ 3/20/15, 2:18:49 PM Pacific Daylight Time, accuracy = 30.000000
2015-03-20 14:18:50.101 PopulistMVP[6185:1583480] PPLSTLocationManager - locationManager:<CLLocationManager: 0x17401c6d0> didUpdateLocations:(
    "<+34.00725871,-118.48870478> +/- 10.00m (speed 3.35 mps / course 7.38) @ 3/20/15, 2:18:50 PM Pacific Daylight Time"
)
2015-03-20 14:18:50.103 PopulistMVP[6185:1583480] locationManager didUpdateLocation lastObject = <+34.00725871,-118.48870478> +/- 10.00m (speed 3.35 mps / course 7.38) @ 3/20/15, 2:18:50 PM Pacific Daylight Time, accuracy = 10.000000
2015-03-20 14:18:50.107 PopulistMVP[6185:1583480] PPLSTLocationManager - getLocationStringData
2015-03-20 14:18:50.107 PopulistMVP[6185:1583480] We're using the coordiantes self.currentLocation.coordinate.latitude = 34.007259 and longitude = -118.488705
2015-03-20 14:18:50.108 PopulistMVP[6185:1583480] request = <NSMutableURLRequest: 0x174010930> { URL: https://maps.googleapis.com/maps/api/geocode/json?latlng=34.007259,-118.488705&sensor=false&result_type=neighborhood%7Clocality%7Ccountry&key=AIzaSyClR6wH3_BfA1bXFjr3LEI-Cp_SiOrPJog }
2015-03-20 14:18:50.586 PopulistMVP[6185:1583480] returnData = <7b0a2020 20227265 73756c74 7322203a 205b0a20 20202020 207b0a20 20202020 20202020 22616464 72657373 5f636f6d 706f6e65 6e747322 203a205b 0a202020 20202020 20202020 207b0a20 20202020 20202020 20202020 2020226c 6f6e675f 6e616d65 22203a20 224f6365 616e2050 61726b22 2c0a2020 20202020 20202020 20202020 20227368 6f72745f 6e616d65 22203a20 224f6365 616e2050 61726b22 2c0a2020 20202020 20202020 20202020 20227479 70657322 203a205b 20226e65 69676862 6f72686f 6f64222c 2022706f 6c697469 63616c22 205d0a20 20202020 20202020 2020207d 2c0a2020 20202020 20202020 20207b0a 20202020 20202020 20202020 20202022 6c6f6e67 5f6e616d 6522203a 20225361 6e746120 4d6f6e69 6361222c 0a202020 20202020 20202020 20202020 2273686f 72745f6e 616d6522 203a2022 53616e74 61204d6f 6e696361 222c0a20 20202020 20202020 20202020 20202274 79706573 22203a20 5b20226c 6f63616c 69747922 2c202270 6f6c6974 6963616c 22205d0a 20202020 20202020 20202020 7d2c0a20 20202020 20202020 2020207b 0a202020 20202020 20202020 20202020 226c6f6e 675f6e61 6d652220 3a20224c 6f732041 6e67656c 65732043 6f756e74 79222c0a 20202020 20202020 20202020 20202022 73686f72 745f6e61 6d652220 3a20224c 6f732041 6e67656c 65732043 6f756e74 79222c0a 20202020 20202020 20202020 20202022 74797065 7322203a 205b2022 61646d69 6e697374 72617469 76655f61 7265615f 6c657665 6c5f3222 2c202270 6f6c6974 6963616c 22205d0a 20202020 20202020 20202020 7d2c0a20 20202020 20202020 2020207b 0a202020 20202020 20202020 20202020 226c6f6e 675f6e61 6d652220 3a202243 616c6966 6f726e69 61222c0a 20202020 20202020 20202020 20202022 73686f72 745f6e61 6d652220 3a202243 41222c0a 20202020 20202020 20202020 20202022 74797065 7322203a 205b2022 61646d69 6e697374 72617469 76655f61 7265615f 6c657665 6c5f3122 2c202270 6f6c6974 6963616c 22205d0a 20202020 20202020 20202020 7d2c0a20 20202020 20202020 2020207b 0a202020 20202020 20202020 20202020 226c6f6e 675f6e61 6d652220 3a202255 6e697465 64205374 61746573 222c0a20 20202020 20202020 20202020 20202273 686f7274 5f6e616d 6522203a 20225553 222c0a20 20202020 20202020 20202020 20202274 79706573 22203a20 5b202263 6f756e74 7279222c 2022706f 6c697469 63616c22 205d0a20 20202020 20202020 2020207d 0a202020 20202020 20205d2c 0a202020 20202020 20202266 6f726d61 74746564 5f616464 72657373 22203a20 224f6365 616e2050 61726b2c 2053616e 7461204d 6f6e6963 612c2043 412c2055 5341222c 0a202020 20202020 20202267 656f6d65 74727922 203a207b 0a202020 20202020 20202020 2022626f 756e6473 22203a20 7b0a2020 20202020 20202020 20202020 20226e6f 72746865 61737422 203a207b 0a202020 20202020 20202020 20202020 20202022 6c617422 203a2033 342e3031 32343130 312c0a20 20202020 20202020 20202020 20202020 20226c6e 6722203a 202d3131 382e3437 30303132 0a202020 20202020 20202020 20202020 7d2c0a20 20202020 20202020 20202020 20202273 6f757468 77657374 22203a20 7b0a2020 20202020 20202020 20202020 20202020 226c6174 22203a20 33332e39 39353936 34312c0a 20202020 20202020 20202020 20202020 2020226c 6e672220 3a202d31 31382e34 39323731 32390a20 20202020 20202020 20202020 20207d0a 20202020 20202020 20202020 7d2c0a20 20202020 20202020 20202022 6c6f6361 74696f6e 22203a20 7b0a2020 20202020 20202020 20202020 20226c61 7422203a 2033342e 30303533 3430352c 0a202020 20202020 20202020 20202020 226c6e67 22203a20 2d313138 2e343833 34373636 0a202020 20202020 20202020 207d2c0a 20202020 20202020 20202020 226c6f63 6174696f 6e5f7479 70652220 3a202241 5050524f 58494d41 5445222c 0a202020 20202020 20202020 20227669 6577706f 72742220 3a207b0a 20202020 20202020 20202020 20202022 6e6f7274 68656173 7422203a 207b0a20 20202020 20202020 20202020 20202020 20226c61 7422203a 2033342e 30313234 3130312c 0a202020 20202020 20202020 20202020 20202022 6c6e6722 203a202d 3131382e 34373030 31320a20 20202020 20202020 20202020 20207d2c 0a202020 20202020 20202020 20202020 22736f75 74687765 73742220 3a207b0a 20202020 20202020 20202020 20202020 2020226c 61742220 3a203333 2e393935 39363431 2c0a2020 20202020 20202020 20202020 20202020 226c6e67 22203a20 2d313138 2e343932 37313239 0a202020 20202020 20202020 20202020 7d0a2020 20202020 20202020 20207d0a 20202020 20202020 207d2c0a 20202020 20202020 2022706c 6163655f 69642220 3a202243 68494a4c 37795645 4e533677 6f415276 70693259 784c5f4c 444d222c 0a202020 20202020 20202274 79706573 22203a20 5b20226e 65696768 626f7268 6f6f6422 2c202270 6f6c6974 6963616c 22205d0a 20202020 20207d2c 0a202020 2020207b 0a202020 20202020 20202261 64647265 73735f63 6f6d706f 6e656e74 7322203a 205b0a20 20202020 20202020 2020207b 0a202020 20202020 20202020 20202020 226c6f6e 675f6e61 6d652220 3a202253 616e7461 204d6f6e 69636122 2c0a2020 20202020 20202020 20202020 20227368 6f72745f 6e616d65 22203a20 2253616e 7461204d 6f6e6963 61222c0a 20202020 20202020 20202020 20202022 74797065 7322203a 205b2022 6c6f6361 6c697479 222c2022 706f6c69 74696361 6c22205d 0a202020 20202020 20202020 207d2c0a 20202020 20202020 20202020 7b0a2020 20202020 20202020 20202020 20226c6f 6e675f6e 616d6522 203a2022 4c6f7320 416e6765 6c657320 436f756e 7479222c 0a202020 20202020 20202020 20202020 2273686f 72745f6e 616d6522 203a2022 4c6f7320 416e6765 6c657320 436f756e 7479222c 0a202020 20202020 20202020 20202020 22747970 65732220 3a205b20 2261646d 696e6973 74726174 6976655f 61726561 5f6c6576 656c5f32 222c2022 706f6c69 74696361 6c22205d 0a202020 20202020 20202020 207d2c0a 20202020 20202020 20202020 7b0a2020 20202020 20202020 20202020 20226c6f 6e675f6e 616d6522 203a2022 43616c69 666f726e 6961222c 0a202020 20202020 20202020 20202020 2273686f 72745f6e 616d6522 203a2022 4341222c 0a202020 20202020 20202020 20202020 22747970 65732220 3a205b20 2261646d 696e6973 74726174 6976655f 61726561 5f6c6576 656c5f31 222c2022 706f6c69 74696361 6c22205d 0a202020 20202020 20202020 207d2c0a 20202020 20202020 20202020 7b0a2020 20202020 20202020 20202020 20226c6f 6e675f6e 616d6522 203a2022 556e6974 65642053 74617465 73222c0a 20202020 20202020 20202020 20202022 73686f72 745f6e61 6d652220 3a202255 53222c0a 20202020 20202020 20202020 20202022 74797065 7322203a 205b2022 636f756e 74727922 2c202270 6f6c6974 6963616c 22205d0a 20202020 20202020 20202020 7d0a2020 20202020 2020205d 2c0a2020 20202020 20202022 666f726d 61747465 645f6164 64726573 7322203a 20225361 6e746120 4d6f6e69 63612c20 43412c20 55534122 2c0a2020 20202020 20202022 67656f6d 65747279 22203a20 7b0a2020 20202020 20202020 20202262 6f756e64 7322203a 207b0a20 20202020 20202020 20202020 2020226e 6f727468 65617374 22203a20 7b0a2020 20202020 20202020 20202020 20202020 226c6174 22203a20 33342e30 35303536 2c0a2020 20202020 20202020 20202020 20202020 226c6e67 22203a20 2d313138 2e343433 3432360a 20202020 20202020 20202020 2020207d 2c0a2020 20202020 20202020 20202020 2022736f 75746877 65737422 203a207b 0a202020 20202020 20202020 20202020 20202022 6c617422 203a2033 332e3939 33313635 362c0a20 20202020 20202020 20202020 20202020 20226c6e 6722203a 202d3131 382e3531 37343135 330a2020 20202020 20202020 20202020 207d0a20 20202020 20202020 2020207d 2c0a2020 20202020 20202020 2020226c 6f636174 696f6e22 203a207b 0a202020 20202020 20202020 20202020 226c6174 22203a20 33342e30 31393435 34332c0a 20202020 20202020 20202020 20202022 6c6e6722 203a202d 3131382e 34393131 3931320a 20202020 20202020 20202020 7d2c0a20 20202020 20202020 20202022 6c6f6361 74696f6e 5f747970 6522203a 20224150 50524f58 494d4154 45222c0a 20202020 20202020 20202020 22766965 77706f72 7422203a 207b0a20 20202020 20202020 20202020 2020226e 6f727468 65617374 22203a20 7b0a2020 20202020 20202020 20202020 20202020 226c6174 22203a20 33342e30 35303536 2c0a2020 20202020 20202020 20202020 20202020 226c6e67 22203a20 2d313138 2e343433 3432360a 20202020 20202020 20202020 2020207d 2c0a2020 20202020 20202020 20202020 2022736f 75746877 65737422 203a207b 0a202020 20202020 20202020 20202020 20202022 6c617422 203a2033 332e3939 33313635 362c0a20 20202020 20202020 20202020 20202020 20226c6e 6722203a 202d3131 382e3531 37343135 330a2020 20202020 20202020 20202020 207d0a20 20202020 20202020 2020207d 0a202020 20202020 20207d2c 0a202020 20202020 20202270 6c616365 5f696422 203a2022 4368494a 47514352 7773366b 776f4152 715f556a 5f37554b 46375122 2c0a2020 20202020 20202022 74797065 7322203a 205b2022 6c6f6361 6c697479 222c2022 706f6c69 74696361 6c22205d 0a202020 2020207d 2c0a2020 20202020 7b0a2020 20202020 20202022 61646472 6573735f 636f6d70 6f6e656e 74732220 3a205b0a 20202020 20202020 20202020 7b0a2020 20202020 20202020 20202020 20226c6f 6e675f6e 616d6522 203a2022 556e6974 65642053 74617465 73222c0a 20202020 20202020 20202020 20202022 73686f72 745f6e61 6d652220 3a202255 53222c0a 20202020 20202020 20202020 20202022 74797065 7322203a 205b2022 636f756e 74727922 2c202270 6f6c6974 6963616c 22205d0a 20202020 20202020 20202020 7d0a2020 20202020 2020205d 2c0a2020 20202020 20202022 666f726d 61747465 645f6164 64726573 7322203a 2022556e 69746564 20537461 74657322 2c0a2020 20202020 20202022 67656f6d 65747279 22203a20 7b0a2020 20202020 20202020 20202262 6f756e64 7322203a 207b0a20 20202020 20202020 20202020 2020226e 6f727468 65617374 22203a20 7b0a2020 20202020 20202020 20202020 20202020 226c6174 22203a20 37312e33 38393838 382c0a20 20202020 20202020 20202020 20202020 20226c6e 6722203a 202d3636 2e393435 33393436 39393939 3939390a 20202020 20202020 20202020 2020207d 2c0a2020 20202020 20202020 20202020 2022736f 75746877 65737422 203a207b 0a202020 20202020 20202020 20202020 20202022 6c617422 203a2031 382e3931 31303634 322c0a20 20202020 20202020 20202020 20202020 20226c6e 6722203a 20313732 2e343435 38393535 0a202020 20202020 20202020 20202020 7d0a2020 20202020 20202020 20207d2c 0a202020 20202020 20202020 20226c6f 63617469 6f6e2220 3a207b0a 20202020 20202020 20202020 20202022 6c617422 203a2033 372e3039 3032342c 0a202020 20202020 20202020 20202020 226c6e67 22203a20 2d39352e 37313238 39310a20 20202020 20202020 2020207d 2c0a2020 20202020 20202020 2020226c 6f636174 696f6e5f 74797065 22203a20 22415050 524f5849 4d415445 222c0a20 20202020 20202020 20202022 76696577 706f7274 22203a20 7b0a2020 20202020 20202020 20202020 20226e6f 72746865 61737422 203a207b 0a202020 20202020 20202020 20202020 20202022 6c617422 203a2034 392e3338 2c0a2020 20202020 20202020 20202020 20202020 226c6e67 22203a20 2d36362e 39340a20 20202020 20202020 20202020 20207d2c 0a202020 20202020 20202020 20202020 22736f75 74687765 73742220 3a207b0a 20202020 20202020 20202020 20202020 2020226c 61742220 3a203235 2e38322c 0a202020 20202020 20202020 20202020 20202022 6c6e6722 203a202d 3132342e 33390a20 20202020 20202020 20202020 20207d0a 20202020 20202020 20202020 7d0a2020 20202020 2020207d 2c0a2020 20202020 20202022 706c6163 655f6964 22203a20 22436849 4a437a59 79354953 31366c51 52517266 6551354b 354f7877 222c0a20 20202020 20202020 22747970 65732220 3a205b20 22636f75 6e747279 222c2022 706f6c69 74696361 6c22205d 0a202020 2020207d 0a202020 5d2c0a20 20202273 74617475 7322203a 20224f4b 220a7d0a>
2015-03-20 14:18:50.600 PopulistMVP[6185:1583480] dictionary = {
    results =     (
                {
            "address_components" =             (
                                {
                    "long_name" = "Ocean Park";
                    "short_name" = "Ocean Park";
                    types =                     (
                        neighborhood,
                        political
                    );
                },
                                {
                    "long_name" = "Santa Monica";
                    "short_name" = "Santa Monica";
                    types =                     (
                        locality,
                        political
                    );
                },
                                {
                    "long_name" = "Los Angeles County";
                    "short_name" = "Los Angeles County";
                    types =                     (
                        "administrative_area_level_2",
                        political
                    );
                },
                                {
                    "long_name" = California;
                    "short_name" = CA;
                    types =                     (
                        "administrative_area_level_1",
                        political
                    );
                },
                                {
                    "long_name" = "United States";
                    "short_name" = US;
                    types =                     (
                        country,
                        political
                    );
                }
            );
            "formatted_address" = "Ocean Park, Santa Monica, CA, USA";
            geometry =             {
                bounds =                 {
                    northeast =                     {
                        lat = "34.0124101";
                        lng = "-118.470012";
                    };
                    southwest =                     {
                        lat = "33.9959641";
                        lng = "-118.4927129";
                    };
                };
                location =                 {
                    lat = "34.0053405";
                    lng = "-118.4834766";
                };
                "location_type" = APPROXIMATE;
                viewport =                 {
                    northeast =                     {
                        lat = "34.0124101";
                        lng = "-118.470012";
                    };
                    southwest =                     {
                        lat = "33.9959641";
                        lng = "-118.4927129";
                    };
                };
            };
            "place_id" = "ChIJL7yVENS6woARvpi2YxL_LDM";
            types =             (
                neighborhood,
                political
            );
        },
                {
            "address_components" =             (
                                {
                    "long_name" = "Santa Monica";
                    "short_name" = "Santa Monica";
                    types =                     (
                        locality,
                        political
                    );
                },
                                {
                    "long_name" = "Los Angeles County";
                    "short_name" = "Los Angeles County";
                    types =                     (
                        "administrative_area_level_2",
                        political
                    );
                },
                                {
                    "long_name" = California;
                    "short_name" = CA;
                    types =                     (
                        "administrative_area_level_1",
                        political
                    );
                },
                                {
                    "long_name" = "United States";
                    "short_name" = US;
                    types =                     (
                        country,
                        political
                    );
                }
            );
            "formatted_address" = "Santa Monica, CA, USA";
            geometry =             {
                bounds =                 {
                    northeast =                     {
                        lat = "34.05056";
                        lng = "-118.443426";
                    };
                    southwest =                     {
                        lat = "33.9931656";
                        lng = "-118.5174153";
                    };
                };
                location =                 {
                    lat = "34.0194543";
                    lng = "-118.4911912";
                };
                "location_type" = APPROXIMATE;
                viewport =                 {
                    northeast =                     {
                        lat = "34.05056";
                        lng = "-118.443426";
                    };
                    southwest =                     {
                        lat = "33.9931656";
                        lng = "-118.5174153";
                    };
                };
            };
            "place_id" = "ChIJGQCRws6kwoARq_Uj_7UKF7Q";
            types =             (
                locality,
                political
            );
        },
                {
            "address_components" =             (
                                {
                    "long_name" = "United States";
                    "short_name" = US;
                    types =                     (
                        country,
                        political
                    );
                }
            );
            "formatted_address" = "United States";
            geometry =             {
                bounds =                 {
                    northeast =                     {
                        lat = "71.389888";
                        lng = "-66.94539469999999";
                    };
                    southwest =                     {
                        lat = "18.9110642";
                        lng = "172.4458955";
                    };
                };
                location =                 {
                    lat = "37.09024";
                    lng = "-95.712891";
                };
                "location_type" = APPROXIMATE;
                viewport =                 {
                    northeast =                     {
                        lat = "49.38";
                        lng = "-66.94";
                    };
                    southwest =                     {
                        lat = "25.82";
                        lng = "-124.39";
                    };
                };
            };
            "place_id" = ChIJCzYy5IS16lQRQrfeQ5K5Oxw;
            types =             (
                country,
                political
            );
        }
    );
    status = OK;
}
2015-03-20 14:18:50.605 PopulistMVP[6185:1583480] formattedAddress = Ocean Park, Santa Monica, CA, USA
2015-03-20 14:18:50.606 PopulistMVP[6185:1583480] locationArray = (
    "Ocean Park",
    " Santa Monica",
    " CA",
    " USA"
)
2015-03-20 14:18:50.606 PopulistMVP[6185:1583480] locationStringDictionary = {
    city = "";
    country = "";
    neighborhood = "";
    state = "";
}
2015-03-20 14:18:50.607 PopulistMVP[6185:1583480] count > 0
2015-03-20 14:18:50.607 PopulistMVP[6185:1583480] count > 1
2015-03-20 14:18:50.607 PopulistMVP[6185:1583480] count > 2
2015-03-20 14:18:50.607 PopulistMVP[6185:1583480] count > 3
2015-03-20 14:18:50.608 PopulistMVP[6185:1583480] Now, locationStringDictionary = {
    city = "Santa Monica";
    country = USA;
    neighborhood = "Ocean Park";
    state = CA;
}
2015-03-20 14:18:50.611 PopulistMVP[6185:1583480] PPLSTExploreTablewViewController - locationUpdatedTo
2015-03-20 14:18:50.612 PopulistMVP[6185:1583480] finishUpdatingEvents
2015-03-20 14:18:50.616 PopulistMVP[6185:1583480] PPLSTLocationManager - updateLocationOfLastUpdate:<+34.00725871,-118.48870478> +/- 10.00m (speed 3.35 mps / course 7.38) @ 3/20/15, 2:18:50 PM Pacific Daylight Time
2015-03-20 14:18:50.617 PopulistMVP[6185:1583480] PPLSTLocationManager - updateTimeOfLastUpdate:2015-03-20 21:18:50 +0000
2015-03-20 14:18:50.617 PopulistMVP[6185:1583480] PPLSTDataManager - sendSignalAndDownloadEventMetaDataWithInputLatitude:34.007259 andLongitude:-118.488708 andDate:2015-03-20 21:18:50 +0000
2015-03-20 14:18:50.618 PopulistMVP[6185:1583480] PPLSTDataManager - downloadEventMetaDataWithInputLatitude:34.007259 andLongitude:-118.488708 andDate:2015-03-20 21:18:50 +0000
2015-03-20 14:18:50.621 PopulistMVP[6185:1583480] Warning: A long-running operation is being executed on the main thread. 
 Break on warnBlockingOperationOnMainThread() to debug.
2015-03-20 14:18:51.423 PopulistMVP[6185:1583480] eventDictionary = {
    city = "Santa Monica";
    containsUser = YES;
    country = USA;
    importance = 7;
    isActive = YES;
    latitude = "34.00719716748765";
    longitude = "-118.4887629793712";
    neighborhood = "Ocean Park";
    objectId = 7D9glv20SV;
    state = CA;
    titlePhotoId = yrt1VAud7K;
    updatedAt = "2015-03-20 20:39:43 +0000";
}
2015-03-20 14:18:51.424 PopulistMVP[6185:1583480] PPLSTDataManager - getEventFromCoreDataWithId:7D9glv20SV
2015-03-20 14:18:51.450 PopulistMVP[6185:1583480] eventDictionary = {
    city = "Santa Monica";
    containsUser = NO;
    country = USA;
    importance = 4;
    isActive = NO;
    latitude = "34.00933398774746";
    longitude = "-118.4933177342786";
    neighborhood = "";
    objectId = o3iEYqRqqv;
    state = CA;
    titlePhotoId = e0ZalaHiUY;
    updatedAt = "2015-03-20 18:34:05 +0000";
}
2015-03-20 14:18:51.451 PopulistMVP[6185:1583480] PPLSTDataManager - getEventFromCoreDataWithId:o3iEYqRqqv
2015-03-20 14:18:51.462 PopulistMVP[6185:1583480] eventDictionary = {
    city = "Santa Monica";
    containsUser = NO;
    country = USA;
    importance = 6;
    isActive = NO;
    latitude = "34.01438869270724";
    longitude = "-118.4964596968361";
    neighborhood = Downtown;
    objectId = LShplbfiEf;
    state = CA;
    titlePhotoId = cHA6JwyNyO;
    updatedAt = "2015-03-09 02:02:19 +0000";
}
2015-03-20 14:18:51.463 PopulistMVP[6185:1583480] PPLSTDataManager - getEventFromCoreDataWithId:LShplbfiEf
2015-03-20 14:18:51.466 PopulistMVP[6185:1583480] eventDictionary = {
    city = "Santa Monica";
    containsUser = NO;
    country = USA;
    importance = 3;
    isActive = NO;
    latitude = "34.00334820804838";
    longitude = "-118.4846878811338";
    neighborhood = "Ocean Park";
    objectId = BJlM8ol8O6;
    state = CA;
    titlePhotoId = H4JA942xJr;
    updatedAt = "2015-03-13 02:36:58 +0000";
}
2015-03-20 14:18:51.467 PopulistMVP[6185:1583480] PPLSTDataManager - getEventFromCoreDataWithId:BJlM8ol8O6
2015-03-20 14:18:51.469 PopulistMVP[6185:1583480] eventDictionary = {
    city = "Santa Monica";
    containsUser = NO;
    country = USA;
    importance = 4;
    isActive = NO;
    latitude = "34.00086181224239";
    longitude = "-118.482712097397";
    neighborhood = "Ocean Park";
    objectId = aNbTqtPoIe;
    state = CA;
    titlePhotoId = yb6idMWD4a;
    updatedAt = "2015-03-13 03:40:00 +0000";
}
2015-03-20 14:18:51.470 PopulistMVP[6185:1583480] PPLSTDataManager - getEventFromCoreDataWithId:aNbTqtPoIe
2015-03-20 14:18:51.475 PopulistMVP[6185:1583480] eventDictionary = {
    city = "Santa Monica";
    containsUser = NO;
    country = USA;
    importance = 5;
    isActive = NO;
    latitude = "34.01612405077141";
    longitude = "-118.4967097926256";
    neighborhood = Downtown;
    objectId = waUqPm8bgq;
    state = CA;
    updatedAt = "2015-03-06 04:27:15 +0000";
}
2015-03-20 14:18:51.475 PopulistMVP[6185:1583480] PPLSTDataManager - getEventFromCoreDataWithId:waUqPm8bgq
2015-03-20 14:18:51.478 PopulistMVP[6185:1583480] eventDictionary = {
    city = "Santa Monica";
    containsUser = NO;
    country = USA;
    importance = 4;
    isActive = NO;
    latitude = "34.00984992570709";
    longitude = "-118.4966798680202";
    neighborhood = "200 Santa Monica Pier";
    objectId = 0LxAGQFyf2;
    state = "CA 90401";
    titlePhotoId = yf8TSe2OPK;
    updatedAt = "2015-02-09 01:06:42 +0000";
}
2015-03-20 14:18:51.480 PopulistMVP[6185:1583480] PPLSTDataManager - getEventFromCoreDataWithId:0LxAGQFyf2
2015-03-20 14:18:51.483 PopulistMVP[6185:1583480] eventDictionary = {
    city = "Santa Monica";
    containsUser = NO;
    country = USA;
    importance = 2;
    isActive = NO;
    latitude = "33.99970089258781";
    longitude = "-118.4814938357399";
    neighborhood = "Ocean Park";
    objectId = LViprcbCVk;
    state = CA;
    titlePhotoId = mqm3KkcoIx;
    updatedAt = "2015-03-20 03:21:08 +0000";
}
2015-03-20 14:18:51.484 PopulistMVP[6185:1583480] PPLSTDataManager - getEventFromCoreDataWithId:LViprcbCVk
2015-03-20 14:18:51.487 PopulistMVP[6185:1583480] eventDictionary = {
    city = "Santa Monica";
    containsUser = NO;
    country = USA;
    importance = 2;
    isActive = NO;
    latitude = "34.013146867899";
    longitude = "-118.4951230393805";
    neighborhood = Downtown;
    objectId = 6mUJu3r1u2;
    state = CA;
    titlePhotoId = rFWQzZ7MKe;
    updatedAt = "2015-03-03 04:17:14 +0000";
}
2015-03-20 14:18:51.488 PopulistMVP[6185:1583480] PPLSTDataManager - getEventFromCoreDataWithId:6mUJu3r1u2
2015-03-20 14:18:51.491 PopulistMVP[6185:1583480] eventDictionary = {
    city = "Santa Monica";
    containsUser = NO;
    country = USA;
    importance = 2;
    isActive = NO;
    latitude = "34.01318891125471";
    longitude = "-118.4947873742271";
    neighborhood = Downtown;
    objectId = KphaAi9MqP;
    state = CA;
    titlePhotoId = aW33Da7pNm;
    updatedAt = "2015-03-03 02:09:13 +0000";
}
2015-03-20 14:18:51.493 PopulistMVP[6185:1583480] PPLSTDataManager - getEventFromCoreDataWithId:KphaAi9MqP
2015-03-20 14:18:51.495 PopulistMVP[6185:1583480] eventDictionary = {
    city = "Santa Monica";
    containsUser = NO;
    country = USA;
    importance = 4;
    isActive = NO;
    latitude = "34.01706924036124";
    longitude = "-118.5018392918666";
    neighborhood = "Wilshire Montana";
    objectId = 7PL0u2S9Qr;
    state = CA;
    titlePhotoId = rPdol1Jf6y;
    updatedAt = "2015-03-15 00:01:43 +0000";
}
2015-03-20 14:18:51.496 PopulistMVP[6185:1583480] PPLSTDataManager - getEventFromCoreDataWithId:7PL0u2S9Qr
2015-03-20 14:18:51.499 PopulistMVP[6185:1583480] eventDictionary = {
    city = "Santa Monica";
    containsUser = NO;
    country = USA;
    importance = 4;
    isActive = NO;
    latitude = "34.01593126696581";
    longitude = "-118.4708282468737";
    neighborhood = "Sunset Park";
    objectId = 4XlO65mvhG;
    state = CA;
    updatedAt = "2015-03-19 16:50:14 +0000";
}
2015-03-20 14:18:51.500 PopulistMVP[6185:1583480] PPLSTDataManager - getEventFromCoreDataWithId:4XlO65mvhG
2015-03-20 14:18:51.503 PopulistMVP[6185:1583480] eventDictionary = {
    city = "Santa Monica";
    containsUser = NO;
    country = USA;
    importance = 4;
    isActive = NO;
    latitude = "34.01658686466036";
    longitude = "-118.4971545717428";
    neighborhood = Downtown;
    objectId = Kjg7lQ6ElE;
    state = CA;
    titlePhotoId = 49xaaaeqDT;
    updatedAt = "2015-02-27 04:47:15 +0000";
}
2015-03-20 14:18:51.504 PopulistMVP[6185:1583480] PPLSTDataManager - getEventFromCoreDataWithId:Kjg7lQ6ElE
2015-03-20 14:18:51.506 PopulistMVP[6185:1583480] eventDictionary = {
    city = "Santa Monica";
    containsUser = NO;
    country = USA;
    importance = 5;
    isActive = NO;
    latitude = "34.01866629423598";
    longitude = "-118.4998240121561";
    neighborhood = "Wilshire Montana";
    objectId = n5242VObju;
    state = CA;
    titlePhotoId = rRqx74WDkq;
    updatedAt = "2015-02-13 20:48:39 +0000";
}
2015-03-20 14:18:51.507 PopulistMVP[6185:1583480] PPLSTDataManager - getEventFromCoreDataWithId:n5242VObju
2015-03-20 14:18:51.510 PopulistMVP[6185:1583480] eventDictionary = {
    city = "Santa Monica";
    containsUser = NO;
    country = USA;
    importance = 3;
    isActive = NO;
    latitude = "34.00044482108337";
    longitude = "-118.4825277764293";
    neighborhood = "Ocean Park";
    objectId = 7FursU4nmZ;
    state = CA;
    titlePhotoId = ELqt6zWZMm;
    updatedAt = "2015-02-05 03:42:03 +0000";
}
2015-03-20 14:18:51.511 PopulistMVP[6185:1583480] PPLSTDataManager - getEventFromCoreDataWithId:7FursU4nmZ
2015-03-20 14:18:51.514 PopulistMVP[6185:1583480] eventDictionary = {
    city = "Santa Monica";
    containsUser = NO;
    country = USA;
    importance = 2;
    isActive = NO;
    latitude = "34.01327987206318";
    longitude = "-118.4951876827818";
    neighborhood = Downtown;
    objectId = 69TxvGpxJy;
    state = CA;
    titlePhotoId = M5WMX8Pl7p;
    updatedAt = "2015-02-19 04:03:18 +0000";
}
2015-03-20 14:18:51.516 PopulistMVP[6185:1583480] PPLSTDataManager - getEventFromCoreDataWithId:69TxvGpxJy
2015-03-20 14:18:51.519 PopulistMVP[6185:1583480] eventDictionary = {
    city = "Los Angeles";
    containsUser = NO;
    country = USA;
    importance = 5;
    isActive = NO;
    latitude = "34.01732723397665";
    longitude = "-118.4693031551319";
    objectId = R8AGD1lotk;
    state = CA;
    titlePhotoId = sH8L42KTaA;
    updatedAt = "2015-03-11 19:38:04 +0000";
}
2015-03-20 14:18:51.521 PopulistMVP[6185:1583480] PPLSTDataManager - getEventFromCoreDataWithId:R8AGD1lotk
2015-03-20 14:18:51.524 PopulistMVP[6185:1583480] eventDictionary = {
    city = "Santa Monica";
    containsUser = NO;
    country = USA;
    importance = 3;
    isActive = NO;
    latitude = "34.0008830093455";
    longitude = "-118.4825823931529";
    neighborhood = "Ocean Park";
    objectId = w0XAlfhIwI;
    state = CA;
    titlePhotoId = A6atGLjlMU;
    updatedAt = "2015-01-31 04:59:01 +0000";
}
2015-03-20 14:18:51.525 PopulistMVP[6185:1583480] PPLSTDataManager - getEventFromCoreDataWithId:w0XAlfhIwI
2015-03-20 14:18:51.528 PopulistMVP[6185:1583480] eventDictionary = {
    city = "Santa Monica";
    containsUser = NO;
    country = USA;
    importance = 3;
    isActive = NO;
    latitude = "34.01643044084824";
    longitude = "-118.4983685813741";
    neighborhood = Downtown;
    objectId = 9o0RMmC2Qi;
    state = CA;
    titlePhotoId = tkTFUMrVq8;
    updatedAt = "2015-03-06 03:25:52 +0000";
}
2015-03-20 14:18:51.529 PopulistMVP[6185:1583480] PPLSTDataManager - getEventFromCoreDataWithId:9o0RMmC2Qi
2015-03-20 14:18:51.532 PopulistMVP[6185:1583480] eventDictionary = {
    city = "Santa Monica";
    containsUser = NO;
    country = USA;
    importance = 3;
    isActive = NO;
    latitude = "34.0165323810842";
    longitude = "-118.4983384177751";
    neighborhood = Downtown;
    objectId = UW11um0ueQ;
    state = CA;
    titlePhotoId = AhOZIbexLC;
    updatedAt = "2015-03-01 21:18:16 +0000";
}
2015-03-20 14:18:51.534 PopulistMVP[6185:1583480] PPLSTDataManager - getEventFromCoreDataWithId:UW11um0ueQ
2015-03-20 14:18:51.537 PopulistMVP[6185:1583480] eventDictionary = {
    city = "Santa Monica";
    containsUser = NO;
    country = USA;
    importance = 4;
    isActive = NO;
    latitude = "34.01746401519571";
    longitude = "-118.5012759796406";
    neighborhood = "Wilshire Montana";
    objectId = 5bywb2Qe9s;
    state = CA;
    titlePhotoId = VjYfznawOo;
    updatedAt = "2015-02-18 03:17:39 +0000";
}
2015-03-20 14:18:51.538 PopulistMVP[6185:1583480] PPLSTDataManager - getEventFromCoreDataWithId:5bywb2Qe9s
2015-03-20 14:18:51.541 PopulistMVP[6185:1583480] eventDictionary = {
    city = "Santa Monica";
    containsUser = NO;
    country = USA;
    importance = 2;
    isActive = NO;
    latitude = "34.01606985990828";
    longitude = "-118.4965688884994";
    neighborhood = Downtown;
    objectId = cEiC0cMNkc;
    state = CA;
    titlePhotoId = NpkNb5utZs;
    updatedAt = "2015-03-15 00:14:24 +0000";
}
2015-03-20 14:18:51.542 PopulistMVP[6185:1583480] PPLSTDataManager - getEventFromCoreDataWithId:cEiC0cMNkc
2015-03-20 14:18:51.544 PopulistMVP[6185:1583480] eventDictionary = {
    city = "Santa Monica";
    containsUser = NO;
    country = USA;
    importance = 2;
    isActive = NO;
    latitude = "34.01988620295874";
    longitude = "-118.4940157152576";
    neighborhood = Downtown;
    objectId = FcNMRw4DwX;
    state = CA;
    updatedAt = "2015-03-14 23:20:40 +0000";
}
2015-03-20 14:18:51.545 PopulistMVP[6185:1583480] PPLSTDataManager - getEventFromCoreDataWithId:FcNMRw4DwX
2015-03-20 14:18:51.548 PopulistMVP[6185:1583480] eventDictionary = {
    city = "Santa Monica";
    containsUser = NO;
    country = USA;
    importance = 2;
    isActive = NO;
    latitude = "34.01639079365693";
    longitude = "-118.4969389544547";
    neighborhood = Downtown;
    objectId = NLgPRITyAp;
    state = CA;
    updatedAt = "2015-03-06 04:21:55 +0000";
}
2015-03-20 14:18:51.550 PopulistMVP[6185:1583480] PPLSTDataManager - getEventFromCoreDataWithId:NLgPRITyAp
2015-03-20 14:18:51.552 PopulistMVP[6185:1583480] eventDictionary = {
    city = "Santa Monica";
    containsUser = NO;
    country = USA;
    importance = 2;
    isActive = NO;
    latitude = "34.01730321906601";
    longitude = "-118.4937204878306";
    neighborhood = Downtown;
    objectId = dH2nzRR6xD;
    state = CA;
    titlePhotoId = 2Ao2wZB2Fv;
    updatedAt = "2015-02-26 04:06:07 +0000";
}
2015-03-20 14:18:51.553 PopulistMVP[6185:1583480] PPLSTDataManager - getEventFromCoreDataWithId:dH2nzRR6xD
2015-03-20 14:18:51.555 PopulistMVP[6185:1583480] eventDictionary = {
    city = "Santa Monica";
    containsUser = NO;
    country = USA;
    importance = 2;
    isActive = NO;
    latitude = "34.01440167677526";
    longitude = "-118.4965007827421";
    neighborhood = Downtown;
    objectId = 4zxvinXwRp;
    state = CA;
    updatedAt = "2015-03-01 00:47:16 +0000";
}
2015-03-20 14:18:51.556 PopulistMVP[6185:1583480] PPLSTDataManager - getEventFromCoreDataWithId:4zxvinXwRp
2015-03-20 14:18:51.558 PopulistMVP[6185:1583480] eventDictionary = {
    city = "Santa Monica";
    containsUser = NO;
    country = USA;
    importance = 2;
    isActive = NO;
    latitude = "34.0156023844046";
    longitude = "-118.4962103019894";
    neighborhood = Downtown;
    objectId = tdlwosCqGk;
    state = CA;
    titlePhotoId = f1x3kJkl1N;
    updatedAt = "2015-02-27 04:36:18 +0000";
}
2015-03-20 14:18:51.559 PopulistMVP[6185:1583480] PPLSTDataManager - getEventFromCoreDataWithId:tdlwosCqGk
2015-03-20 14:18:51.561 PopulistMVP[6185:1583480] eventDictionary = {
    city = "Santa Monica";
    containsUser = NO;
    country = USA;
    importance = 2;
    isActive = NO;
    latitude = "34.01778908961064";
    longitude = "-118.5013801737349";
    neighborhood = "Wilshire Montana";
    objectId = 7SQKiPbZMw;
    state = CA;
    titlePhotoId = 3899nsNLuT;
    updatedAt = "2015-03-10 02:03:57 +0000";
}
2015-03-20 14:18:51.561 PopulistMVP[6185:1583480] PPLSTDataManager - getEventFromCoreDataWithId:7SQKiPbZMw
2015-03-20 14:18:51.563 PopulistMVP[6185:1583480] eventDictionary = {
    city = "Santa Monica";
    containsUser = NO;
    country = USA;
    importance = 3;
    isActive = NO;
    latitude = "34.01709744824415";
    longitude = "-118.4691585146364";
    neighborhood = "Sunset Park";
    objectId = BzI4MZSeLK;
    state = CA;
    updatedAt = "2015-03-06 18:26:38 +0000";
}
2015-03-20 14:18:51.564 PopulistMVP[6185:1583480] PPLSTDataManager - getEventFromCoreDataWithId:BzI4MZSeLK
2015-03-20 14:18:51.565 PopulistMVP[6185:1583480] eventDictionary = {
    city = "Santa Monica";
    containsUser = NO;
    country = USA;
    importance = 2;
    isActive = NO;
    latitude = "34.01692920801167";
    longitude = "-118.4942074232539";
    neighborhood = Downtown;
    objectId = UB5EoM6CON;
    state = CA;
    titlePhotoId = 4NMwWS9YXO;
    updatedAt = "2015-02-26 03:24:24 +0000";
}
2015-03-20 14:18:51.566 PopulistMVP[6185:1583480] PPLSTDataManager - getEventFromCoreDataWithId:UB5EoM6CON
2015-03-20 14:18:51.567 PopulistMVP[6185:1583480] eventDictionary = {
    city = "Santa Monica";
    containsUser = NO;
    country = USA;
    importance = 2;
    isActive = NO;
    latitude = "34.01764193738129";
    longitude = "-118.4988950206082";
    neighborhood = Downtown;
    objectId = KdhcbW3NbI;
    state = CA;
    titlePhotoId = 1dMMX5ZHEt;
    updatedAt = "2015-03-12 18:42:12 +0000";
}
2015-03-20 14:18:51.568 PopulistMVP[6185:1583480] PPLSTDataManager - getEventFromCoreDataWithId:KdhcbW3NbI
2015-03-20 14:18:51.570 PopulistMVP[6185:1583480] eventDictionary = {
    city = "Santa Monica";
    containsUser = NO;
    country = USA;
    importance = 2;
    isActive = NO;
    latitude = "34.01683513915944";
    longitude = "-118.4695911895783";
    neighborhood = "Sunset Park";
    objectId = PitpniWfTF;
    state = CA;
    titlePhotoId = mWnxX8cPZR;
    updatedAt = "2015-03-17 17:23:01 +0000";
}
2015-03-20 14:18:51.571 PopulistMVP[6185:1583480] PPLSTDataManager - getEventFromCoreDataWithId:PitpniWfTF
2015-03-20 14:18:51.573 PopulistMVP[6185:1583480] eventDictionary = {
    city = "Santa Monica";
    containsUser = NO;
    country = USA;
    importance = 1;
    isActive = NO;
    latitude = "34.01686002781335";
    longitude = "-118.4975298755423";
    neighborhood = Downtown;
    objectId = 8ykACl47rM;
    state = CA;
    updatedAt = "2015-03-14 23:29:15 +0000";
}
2015-03-20 14:18:51.574 PopulistMVP[6185:1583480] PPLSTDataManager - getEventFromCoreDataWithId:8ykACl47rM
2015-03-20 14:18:51.575 PopulistMVP[6185:1583480] eventDictionary = {
    city = "Santa Monica";
    containsUser = NO;
    country = USA;
    importance = 2;
    isActive = NO;
    latitude = "34.01708978230806";
    longitude = "-118.49780750507";
    neighborhood = Downtown;
    objectId = zCsV1JkjXM;
    state = CA;
    titlePhotoId = Q9wo9S8sZy;
    updatedAt = "2015-02-13 20:34:40 +0000";
}
2015-03-20 14:18:51.576 PopulistMVP[6185:1583480] PPLSTDataManager - getEventFromCoreDataWithId:zCsV1JkjXM
2015-03-20 14:18:51.579 PopulistMVP[6185:1583480] eventDictionary = {
    city = "Los Angeles";
    containsUser = NO;
    country = USA;
    importance = 2;
    isActive = NO;
    latitude = "33.99522340369923";
    longitude = "-118.4799030400709";
    neighborhood = Venice;
    objectId = EA55jb8lQf;
    state = CA;
    titlePhotoId = CTu7DmM9po;
    updatedAt = "2015-02-15 23:34:59 +0000";
}
2015-03-20 14:18:51.580 PopulistMVP[6185:1583480] PPLSTDataManager - getEventFromCoreDataWithId:EA55jb8lQf
2015-03-20 14:18:51.582 PopulistMVP[6185:1583480] eventDictionary = {
    city = "Santa Monica";
    containsUser = NO;
    country = USA;
    importance = 2;
    isActive = NO;
    latitude = "34.01730012336996";
    longitude = "-118.4701250655691";
    neighborhood = "Sunset Park";
    objectId = wqVHqITtqn;
    state = CA;
    titlePhotoId = W2yBTOAqe7;
    updatedAt = "2015-03-19 19:59:08 +0000";
}
2015-03-20 14:18:51.583 PopulistMVP[6185:1583480] PPLSTDataManager - getEventFromCoreDataWithId:wqVHqITtqn
2015-03-20 14:18:51.584 PopulistMVP[6185:1583480] eventDictionary = {
    city = "Santa Monica";
    containsUser = NO;
    country = USA;
    importance = 1;
    isActive = NO;
    latitude = "34.01734223451187";
    longitude = "-118.4937062971846";
    neighborhood = Downtown;
    objectId = kuwMqazzzu;
    state = CA;
    updatedAt = "2015-02-25 03:01:32 +0000";
}
2015-03-20 14:18:51.585 PopulistMVP[6185:1583480] PPLSTDataManager - getEventFromCoreDataWithId:kuwMqazzzu
2015-03-20 14:18:51.587 PopulistMVP[6185:1583480] eventDictionary = {
    city = "Santa Monica";
    containsUser = NO;
    country = USA;
    importance = 2;
    isActive = NO;
    latitude = "34.01237186170743";
    longitude = "-118.4673075949888";
    neighborhood = "Sunset Park";
    objectId = 9jYWKnDCKK;
    state = CA;
    titlePhotoId = EM4B3oOVK9;
    updatedAt = "2015-03-08 17:45:50 +0000";
}
2015-03-20 14:18:51.587 PopulistMVP[6185:1583480] PPLSTDataManager - getEventFromCoreDataWithId:9jYWKnDCKK
2015-03-20 14:18:51.589 PopulistMVP[6185:1583480] eventDictionary = {
    city = "Santa Monica";
    containsUser = NO;
    country = USA;
    importance = 1;
    isActive = NO;
    latitude = "34.01816157503606";
    longitude = "-118.4992533098013";
    neighborhood = Downtown;
    objectId = tJdHRvg8lf;
    state = CA;
    titlePhotoId = qcSl2RQrK1;
    updatedAt = "2015-02-27 05:29:44 +0000";
}
2015-03-20 14:18:51.590 PopulistMVP[6185:1583480] PPLSTDataManager - getEventFromCoreDataWithId:tJdHRvg8lf
2015-03-20 14:18:51.592 PopulistMVP[6185:1583480] eventDictionary = {
    city = "Santa Monica";
    containsUser = NO;
    country = USA;
    importance = 2;
    isActive = NO;
    latitude = "34.01695815413819";
    longitude = "-118.4690482393643";
    neighborhood = "Sunset Park";
    objectId = By8a4okoSU;
    state = CA;
    titlePhotoId = n4wLWaZd2R;
    updatedAt = "2015-02-24 02:12:44 +0000";
}
2015-03-20 14:18:51.593 PopulistMVP[6185:1583480] PPLSTDataManager - getEventFromCoreDataWithId:By8a4okoSU
2015-03-20 14:18:51.595 PopulistMVP[6185:1583480] eventDictionary = {
    city = "Santa Monica";
    containsUser = NO;
    country = USA;
    importance = 2;
    isActive = NO;
    latitude = "34.01886295068116";
    longitude = "-118.4984296875636";
    neighborhood = Downtown;
    objectId = xUVcPAPQ2a;
    state = CA;
    titlePhotoId = 2RtRbEKVbG;
    updatedAt = "2015-01-31 23:45:00 +0000";
}
2015-03-20 14:18:51.596 PopulistMVP[6185:1583480] PPLSTDataManager - getEventFromCoreDataWithId:xUVcPAPQ2a
2015-03-20 14:18:51.598 PopulistMVP[6185:1583480] eventDictionary = {
    city = "Santa Monica";
    containsUser = NO;
    country = USA;
    importance = 2;
    isActive = NO;
    latitude = "34.02032797684864";
    longitude = "-118.4987092285488";
    neighborhood = "Wilshire Montana";
    objectId = 8ygzwcVNeI;
    state = CA;
    titlePhotoId = 472kc7QpC7;
    updatedAt = "2015-01-31 22:02:27 +0000";
}
2015-03-20 14:18:51.599 PopulistMVP[6185:1583480] PPLSTDataManager - getEventFromCoreDataWithId:8ygzwcVNeI
2015-03-20 14:18:51.600 PopulistMVP[6185:1583480] eventDictionary = {
    city = "Los Angeles";
    containsUser = NO;
    country = USA;
    importance = 2;
    isActive = NO;
    latitude = "33.99460460806514";
    longitude = "-118.4763853190581";
    neighborhood = Venice;
    objectId = Go4eGF5AIU;
    state = CA;
    titlePhotoId = 4VZCsC9oNH;
    updatedAt = "2015-01-31 05:35:36 +0000";
}
2015-03-20 14:18:51.601 PopulistMVP[6185:1583480] PPLSTDataManager - getEventFromCoreDataWithId:Go4eGF5AIU
2015-03-20 14:18:51.603 PopulistMVP[6185:1583480] eventDictionary = {
    city = "Santa Monica";
    containsUser = NO;
    country = USA;
    importance = 2;
    isActive = NO;
    latitude = "34.01700161647921";
    longitude = "-118.469092863375";
    neighborhood = "Sunset Park";
    objectId = jB8lYOousQ;
    state = CA;
    titlePhotoId = ebVKmcxRoR;
    updatedAt = "2015-02-09 19:00:37 +0000";
}
2015-03-20 14:18:51.604 PopulistMVP[6185:1583480] PPLSTDataManager - getEventFromCoreDataWithId:jB8lYOousQ
2015-03-20 14:18:51.605 PopulistMVP[6185:1583480] PPLSTDataManager - saveCoreData
2015-03-20 14:18:51.617 PopulistMVP[6185:1583480] PPLSTDataManager - contextHasChanged
2015-03-20 14:18:51.618 PopulistMVP[6185:1583480] channels: (
    global
)
2015-03-20 14:18:51.638 PopulistMVP[6185:1583480] Formatting Event Cell for contributionId = yrt1VAud7K
2015-03-20 14:18:51.649 PopulistMVP[6185:1583480] PPLSTDataManager - formatEventCell:<PPLSTEventTableViewCell: 0x156527cd0; baseClass = UITableViewCell; frame = (0 0; 320 44); layer = <CALayer: 0x17003c060>> ForContribution:<Contribution: 0x1740dc5b0> (entity: Contribution; id: 0xd000000012880002 <x-coredata://B51EEF26-AC10-427C-B840-46C5EB7B83F2/Contribution/p1186> ; data: {
    contributingUserId = "8AAAA485-5B2D-4611-B37F-1762B6E49B12";
    contributionId = yrt1VAud7K;
    contributionType = photo;
    createdAt = "2015-03-20 20:14:53 +0000";
    event = "0xd00000000d400000 <x-coredata://B51EEF26-AC10-427C-B840-46C5EB7B83F2/Event/p848>";
    imagePath = fzxc0WG0lV;
    latitude = nil;
    longitude = nil;
    message = nil;
    parentEvent = "0xd00000000d400000 <x-coredata://B51EEF26-AC10-427C-B840-46C5EB7B83F2/Event/p848>";
})
2015-03-20 14:18:51.652 PopulistMVP[6185:1583480] contributionId = yrt1VAud7K, contributionType = photo, imagePath = fzxc0WG0lV
2015-03-20 14:18:51.653 PopulistMVP[6185:1583480] it's a photo and the imagePath is not nil, nor is it the empty string
2015-03-20 14:18:51.654 PopulistMVP[6185:1583480] PPLSTDataManager - getImageWithFileName:fzxc0WG0lV
2015-03-20 14:18:51.654 PopulistMVP[6185:1583480] self.imageAtFilePath doesn't already contain the fileName or the filename is nil
2015-03-20 14:18:51.656 PopulistMVP[6185:1583480] the filePath is /var/mobile/Containers/Data/Application/E9C1392C-D9E5-48FE-BD6E-675014DFD363/Documents/fzxc0WG0lV.png
2015-03-20 14:18:51.650 PopulistMVP[6185:1583531] PPLSTDataManager - cleanUpUnusedDataForEventsNotIn:(
    "<Event: 0x1700d9980> (entity: Event; id: 0xd00000000d400000 <x-coredata://B51EEF26-AC10-427C-B840-46C5EB7B83F2/Event/p848> ; data: {\n    city = \"Santa Monica\";\n    containsUser = 1;\n    contributions = \"<relationship fault: 0x17403f1a0 'contributions'>\";\n    country = USA;\n    eventId = 7D9glv20SV;\n    importance = 7;\n    lastActive = \"2015-03-20 20:39:43 +0000\";\n    latitude = \"34.0072\";\n    longitude = \"-118.4888\";\n    neighborhood = \"Ocean Park\";\n    state = CA;\n    titleContribution = \"0xd000000012880002 <x-coredata://B51EEF26-AC10-427C-B840-46C5EB7B83F2/Contribution/p1186>\";\n})",
    "<Event: 0x1700d9ad0> (entity: Event; id: 0xd00000000d140000 <x-coredata://B51EEF26-AC10-427C-B840-46C5EB7B83F2/Event/p837> ; data: {\n    city = \"Santa Monica\";\n    containsUser = 0;\n    contributions = \"<relationship fault: 0x174220a40 'contributions'>\";\n    country = USA;\n    eventId = o3iEYqRqqv;\n    importance = 4;\n    lastActive = \"2015-03-20 18:34:05 +0000\";\n    latitude = \"34.00933\";\n    longitude = \"-118.4933\";\n    neighborhood = \"\";\n    state = CA;\n    titleContribution = \"0xd000000012500002 <x-coredata://B51EEF26-AC10-427C-B840-46C5EB7B83F2/Contribution/p1172>\";\n})",
    "<Event: 0x1740dc310> (entity: Event; id: 0xd00000000c640000 <x-coredata://B51EEF26-AC10-427C-B840-46C5EB7B83F2/Event/p793> ; data: {\n    city = \"Santa Monica\";\n    containsUser = 0;\n    contributions = \"<relationship fault: 0x174220b60 'contributions'>\";\n    country = USA;\n    eventId = LShplbfiEf;\n    importance = 6;\n    lastActive = \"2015-03-09 02:02:19 +0000\";\n    latitude = \"34.01439\";\n    longitude = \"-118.4965\";\n    neighborhood = Downtown;\n    state = CA;\n    titleContribution = \"0xd000000011840002 <x-coredata://B51EEF26-AC10-427C-B840-46C5EB7B83F2/Contribution/p1121>\";\n})",
    "<Event: 0x1740dc0e0> (entity: Event; id: 0xd00000000c780000 <x-coredata://B51EEF26-AC10-427C-B840-46C5EB7B83F2/Event/p798> ; data: {\n    city = \"Santa Monica\";\n    containsUser = 0;\n    contributions = \"<relationship fault: 0x174220d60 'contributions'>\";\n    country = USA;\n    eventId = BJlM8ol8O6;\n    importance = 3;\n    lastActive = \"2015-03-13 02:36:58 +0000\";\n    latitude = \"34.00335\";\n    longitude = \"-118.4847\";\n    neighborhood = \"Ocean Park\";\n    state = CA;\n    titleContribution = \"0xd000000011980002 <x-coredata://B51EEF26-AC10-427C-B840-46C5EB7B83F2/Contribution/p1126>\";\n})",
    "<Event: 0x1740db970> (entity: Event; id: 0xd00000000c740000 <x-coredata://B51EEF26-AC10-427C-B840-46C5EB7B83F2/Event/p797> ; data: {\n    city = \"Santa Monica\";\n    containsUser = 0;\n    contributions = \"<relationship fault: 0x174220f40 'contributions'>\";\n    country = USA;\n    eventId = aNbTqtPoIe;\n    importance = 4;\n    lastActive = \"2015-03-13 03:40:00 +0000\";\n    latitude = \"34.00086\";\n    longitude = \"-118.4827\";\n    neighborhood = \"Ocean Park\";\n    state = CA;\n    titleContribution = \"0xd000000011940002 <x-coredata://B51EEF26-AC10-427C-B840-46C5EB7B83F2/Contribution/p1125>\";\n})",
    "<Event: 0x1740dcf50> (entity: Event; id: 0xd00000000c6c0000 <x-coredata://B51EEF26-AC10-427C-B840-46C5EB7B83F2/Event/p795> ; data: {\n    city = \"Santa Monica\";\n    containsUser = 0;\n    contributions = \"<relationship fault: 0x174221120 'contributions'>\";\n    country = USA;\n    eventId = waUqPm8bgq;\n    importance = 5;\n    lastActive = \"2015-03-06 04:27:15 +0000\";\n    latitude = \"34.01612\";\n    longitude = \"-118.4967\";\n    neighborhood = Downtown;\n    state = CA;\n    titleContribution = \"0xd0000000118c0002 <x-coredata://B51EEF26-AC10-427C-B840-46C5EB7B83F2/Contribution/p1123>\";\n})",
    "<Event: 0x1700d96e0> (entity: Event; id: 0xd00000000c700000 <x-coredata://B51EEF26-AC10-427C-B840-46C5EB7B83F2/Event/p796> ; data: {\n    city = \"Santa Monica\";\n    containsUser = 0;\n    contributions = \"<relationship fault: 0x17003cca0 'contributions'>\";\n    country = USA;\n    eventId = 0LxAGQFyf2;\n    importance = 4;\n    lastActive = \"2015-02-09 01:06:42 +0000\";\n    latitude = \"34.00985\";\n    longitude = \"-118.4967\";\n    neighborhood = \"200 Santa Monica Pier\";\n    state = \"CA 90401\";\n    titleContribution = \"0xd000000011900002 <x-coredata://B51EEF26-AC10-427C-B840-46C5EB7B83F2/Contribution/p1124>\";\n})",
    "<Event: 0x1700d9d00> (entity: Event; id: 0xd00000000cb80000 <x-coredata://B51EEF26-AC10-427C-B840-46C5EB7B83F2/Event/p814> ; data: {\n    city = \"Santa Monica\";\n    containsUser = 0;\n    contributions = \"<relationship fault: 0x17003cea0 'contributions'>\";\n    country = USA;\n    eventId = LViprcbCVk;\n    importance = 2;\n    lastActive = \"2015-03-20 03:21:08 +0000\";\n    latitude = \"33.9997\";\n    longitude = \"-118.4815\";\n    neighborhood = \"Ocean Park\";\n    state = CA;\n    titleContribution = \"0xd000000011d80002 <x-coredata://B51EEF26-AC10-427C-B840-46C5EB7B83F2/Contribution/p1142>\";\n})",
    "<Event: 0x1740dd260> (entity: Event; id: 0xd00000000c7c0000 <x-coredata://B51EEF26-AC10-427C-B840-46C5EB7B83F2/Event/p799> ; data: {\n    city = \"Santa Monica\";\n    containsUser = 0;\n    contributions = \"<relationship fault: 0x174221320 'contributions'>\";\n    country = USA;\n    eventId = 6mUJu3r1u2;\n    importance = 2;\n    lastActive = \"2015-03-03 04:17:14 +0000\";\n    latitude = \"34.01315\";\n    longitude = \"-118.4951\";\n    neighborhood = Downtown;\n    state = CA;\n    titleContribution = \"0xd0000000119c0002 <x-coredata://B51EEF26-AC10-427C-B840-46C5EB7B83F2/Contribution/p1127>\";\n})",
    "<Event: 0x1700d9f30> (entity: Event; id: 0xd00000000c800000 <x-coredata://B51EEF26-AC10-427C-B840-46C5EB7B83F2/Event/p800> ; data: {\n    city = \"Santa Monica\";\n    containsUser = 0;\n    contributions = \"<relationship fault: 0x17003d1e0 'contributions'>\";\n    country = USA;\n    eventId = KphaAi9MqP;\n    importance = 2;\n    lastActive = \"2015-03-03 02:09:13 +0000\";\n    latitude = \"34.01319\";\n    longitude = \"-118.4948\";\n    neighborhood = Downtown;\n    state = CA;\n    titleContribution = \"0xd000000011a00002 <x-coredata://B51EEF26-AC10-427C-B840-46C5EB7B83F2/Contribution/p1128>\";\n})",
    "<Event: 0x1700da160> (entity: Event; id: 0xd00000000c8c0000 <x-coredata://B51EEF26-AC10-427C-B840-46C5EB7B83F2/Event/p803> ; data: {\n    city = \"Santa Monica\";\n    containsUser = 0;\n    contributions = \"<relationship fault: 0x17003d380 'contributions'>\";\n    country = USA;\n    eventId = 7PL0u2S9Qr;\n    importance = 4;\n    lastActive = \"2015-03-15 00:01:43 +0000\";\n    latitude = \"34.01707\";\n    longitude = \"-118.5018\";\n    neighborhood = \"Wilshire Montana\";\n    state = CA;\n    titleContribution = \"0xd000000011ac0002 <x-coredata://B51EEF26-AC10-427C-B840-46C5EB7B83F2/Contribution/p1131>\";\n})",
    "<Event: 0x1740dd490> (entity: Event; id: 0xd00000000c980000 <x-coredata://B51EEF26-AC10-427C-B840-46C5EB7B83F2/Event/p806> ; data: {\n    city = \"Santa Monica\";\n    containsUser = 0;\n    contributions = \"<relationship fault: 0x174221520 'contributions'>\";\n    country = USA;\n    eventId = 4XlO65mvhG;\n    importance = 4;\n    lastActive = \"2015-03-19 16:50:14 +0000\";\n    latitude = \"34.01593\";\n    longitude = \"-118.4708\";\n    neighborhood = \"Sunset Park\";\n    state = CA;\n    titleContribution = \"0xd000000011b80002 <x-coredata://B51EEF26-AC10-427C-B840-46C5EB7B83F2/Contribution/p1134>\";\n})",
    "<Event: 0x1740dd570> (entity: Event; id: 0xd00000000c840000 <x-coredata://B51EEF26-AC10-427C-B840-46C5EB7B83F2/Event/p801> ; data: {\n    city = \"Santa Monica\";\n    containsUser = 0;\n    contributions = \"<relationship fault: 0x174221660 'contributions'>\";\n    country = USA;\n    eventId = Kjg7lQ6ElE;\n    importance = 4;\n    lastActive = \"2015-02-27 04:47:15 +0000\";\n    latitude = \"34.01659\";\n    longitude = \"-118.4972\";\n    neighborhood = Downtown;\n    state = CA;\n    titleContribution = \"0xd000000011a40002 <x-coredata://B51EEF26-AC10-427C-B840-46C5EB7B83F2/Contribution/p1129>\";\n})",
    "<Event: 0x1700d9bb0> (entity: Event; id: 0xd00000000c900000 <x-coredata://B51EEF26-AC10-427C-B840-46C5EB7B83F2/Event/p804> ; data: {\n    city = \"Santa Monica\";\n    containsUser = 0;\n    contributions = \"<relationship fault: 0x17003d5c0 'contributions'>\";\n    country = USA;\n    eventId = n5242VObju;\n    importance = 5;\n    lastActive = \"2015-02-13 20:48:39 +0000\";\n    latitude = \"34.01867\";\n    longitude = \"-118.4998\";\n    neighborhood = \"Wilshire Montana\";\n    state = CA;\n    titleContribution = \"0xd000000011b00002 <x-coredata://B51EEF26-AC10-427C-B840-46C5EB7B83F2/Contribution/p1132>\";\n})",
    "<Event: 0x1740dd880> (entity: Event; id: 0xd00000000cd00000 <x-coredata://B51EEF26-AC10-427C-B840-46C5EB7B83F2/Event/p820> ; data: {\n    city = \"Santa Monica\";\n    containsUser = 0;\n    contributions = \"<relationship fault: 0x174221980 'contributions'>\";\n    country = USA;\n    eventId = 7FursU4nmZ;\n    importance = 3;\n    lastActive = \"2015-02-05 03:42:03 +0000\";\n    latitude = \"34.00045\";\n    longitude = \"-118.4825\";\n    neighborhood = \"Ocean Park\";\n    state = CA;\n    titleContribution = \"0xd000000011f00002 <x-coredata://B51EEF26-AC10-427C-B840-46C5EB7B83F2/Contribution/p1148>\";\n})",
    "<Event: 0x1700da550> (entity: Event; id: 0xd00000000c880000 <x-coredata://B51EEF26-AC10-427C-B840-46C5EB7B83F2/Event/p802> ; data: {\n    city = \"Santa Monica\";\n    containsUser = 0;\n    contributions = \"<relationship fault: 0x17003d900 'contributions'>\";\n    country = USA;\n    eventId = 69TxvGpxJy;\n    importance = 2;\n    lastActive = \"2015-02-19 04:03:18 +0000\";\n    latitude = \"34.01328\";\n    longitude = \"-118.4952\";\n    neighborhood = Downtown;\n    state = CA;\n    titleContribution = \"0xd000000011a80002 <x-coredata://B51EEF26-AC10-427C-B840-46C5EB7B83F2/Contribution/p1130>\";\n})",
    "<Event: 0x1700da6a0> (entity: Event; id: 0xd00000000d280000 <x-coredata://B51EEF26-AC10-427C-B840-46C5EB7B83F2/Event/p842> ; data: {\n    city = \"Los Angeles\";\n    containsUser = 0;\n    contributions = \"<relationship fault: 0x17003dae0 'contributions'>\";\n    country = USA;\n    eventId = R8AGD1lotk;\n    importance = 5;\n    lastActive = \"2015-03-11 19:38:04 +0000\";\n    latitude = \"34.01733\";\n    longitude = \"-118.4693\";\n    neighborhood = nil;\n    state = CA;\n    titleContribution = \"0xd0000000126c0002 <x-coredata://B51EEF26-AC10-427C-B840-46C5EB7B83F2/Contribution/p1179>\";\n})",
    "<Event: 0x1700da9b0> (entity: Event; id: 0xd00000000cd40000 <x-coredata://B51EEF26-AC10-427C-B840-46C5EB7B83F2/Event/p821> ; data: {\n    city = \"Santa Monica\";\n    containsUser = 0;\n    contributions = \"<relationship fault: 0x17003dc80 'contributions'>\";\n    country = USA;\n    eventId = w0XAlfhIwI;\n    importance = 3;\n    lastActive = \"2015-01-31 04:59:01 +0000\";\n    latitude = \"34.00088\";\n    longitude = \"-118.4826\";\n    neighborhood = \"Ocean Park\";\n    state = CA;\n    titleContribution = \"0xd000000011f40002 <x-coredata://B51EEF26-AC10-427C-B840-46C5EB7B83F2/Contribution/p1149>\";\n})",
    "<Event: 0x1740dda40> (entity: Event; id: 0xd00000000c940000 <x-coredata://B51EEF26-AC10-427C-B840-46C5EB7B83F2/Event/p805> ; data: {\n    city = \"Santa Monica\";\n    containsUser = 0;\n    contributions = \"<relationship fault: 0x174221be0 'contributions'>\";\n    country = USA;\n    eventId = 9o0RMmC2Qi;\n    importance = 3;\n    lastActive = \"2015-03-06 03:25:52 +0000\";\n    latitude = \"34.01643\";\n    longitude = \"-118.4984\";\n    neighborhood = Downtown;\n    state = CA;\n    titleContribution = \"0xd000000011b40002 <x-coredata://B51EEF26-AC10-427C-B840-46C5EB7B83F2/Contribution/p1133>\";\n})",
    "<Event: 0x1740ddc70> (entity: Event; id: 0xd00000000c9c0000 <x-coredata://B51EEF26-AC10-427C-B840-46C5EB7B83F2/Event/p807> ; data: {\n    city = \"Santa Monica\";\n    containsUser = 0;\n    contributions = \"<relationship fault: 0x174221e20 'contributions'>\";\n    country = USA;\n    eventId = UW11um0ueQ;\n    importance = 3;\n    lastActive = \"2015-03-01 21:18:16 +0000\";\n    latitude = \"34.01653\";\n    longitude = \"-118.4983\";\n    neighborhood = Downtown;\n    state = CA;\n    titleContribution = \"0xd000000011bc0002 <x-coredata://B51EEF26-AC10-427C-B840-46C5EB7B83F2/Contribution/p1135>\";\n})",
    "<Event: 0x1740ddea0> (entity: Event; id: 0xd00000000cb40000 <x-coredata://B51EEF26-AC10-427C-B840-46C5EB7B83F2/Event/p813> ; data: {\n    city = \"Santa Monica\";\n    containsUser = 0;\n    contributions = \"<relationship fault: 0x174221f40 'contributions'>\";\n    country = USA;\n    eventId = 5bywb2Qe9s;\n    importance = 4;\n    lastActive = \"2015-02-18 03:17:39 +0000\";\n    latitude = \"34.01746\";\n    longitude = \"-118.5013\";\n    neighborhood = \"Wilshire Montana\";\n    state = CA;\n    titleContribution = \"0xd000000011d40002 <x-coredata://B51EEF26-AC10-427C-B840-46C5EB7B83F2/Contribution/p1141>\";\n})",
    "<Event: 0x1740de0d0> (entity: Event; id: 0xd00000000ca00000 <x-coredata://B51EEF26-AC10-427C-B840-46C5EB7B83F2/Event/p808> ; data: {\n    city = \"Santa Monica\";\n    containsUser = 0;\n    contributions = \"<relationship fault: 0x174222140 'contributions'>\";\n    country = USA;\n    eventId = cEiC0cMNkc;\n    importance = 2;\n    lastActive = \"2015-03-15 00:14:24 +0000\";\n    latitude = \"34.01607\";\n    longitude = \"-118.4966\";\n    neighborhood = Downtown;\n    state = CA;\n    titleContribution = \"0xd000000011c00002 <x-coredata://B51EEF26-AC10-427C-B840-46C5EB7B83F2/Contribution/p1136>\";\n})",
    "<Event: 0x1700dab00> (entity: Event; id: 0xd00000000cb00000 <x-coredata://B51EEF26-AC10-427C-B840-46C5EB7B83F2/Event/p812> ; data: {\n    city = \"Santa Monica\";\n    containsUser = 0;\n    contributions = \"<relationship fault: 0x17003dea0 'contributions'>\";\n    country = USA;\n    eventId = FcNMRw4DwX;\n    importance = 2;\n    lastActive = \"2015-03-14 23:20:40 +0000\";\n    latitude = \"34.01989\";\n    longitude = \"-118.494\";\n    neighborhood = Downtown;\n    state = CA;\n    titleContribution = \"0xd000000011d00002 <x-coredata://B51EEF26-AC10-427C-B840-46C5EB7B83F2/Contribution/p1140>\";\n})",
    "<Event: 0x1740de3e0> (entity: Event; id: 0xd00000000ca40000 <x-coredata://B51EEF26-AC10-427C-B840-46C5EB7B83F2/Event/p809> ; data: {\n    city = \"Santa Monica\";\n    containsUser = 0;\n    contributions = \"<relationship fault: 0x174222440 'contributions'>\";\n    country = USA;\n    eventId = NLgPRITyAp;\n    importance = 2;\n    lastActive = \"2015-03-06 04:21:55 +0000\";\n    latitude = \"34.01639\";\n    longitude = \"-118.4969\";\n    neighborhood = Downtown;\n    state = CA;\n    titleContribution = \"0xd000000011c40002 <x-coredata://B51EEF26-AC10-427C-B840-46C5EB7B83F2/Contribution/p1137>\";\n})",
    "<Event: 0x1700dada0> (entity: Event; id: 0xd00000000ca80000 <x-coredata://B51EEF26-AC10-427C-B840-46C5EB7B83F2/Event/p810> ; data: {\n    city = \"Santa Monica\";\n    containsUser = 0;\n    contributions = \"<relationship fault: 0x17003dfc0 'contributions'>\";\n    country = USA;\n    eventId = dH2nzRR6xD;\n    importance = 2;\n    lastActive = \"2015-02-26 04:06:07 +0000\";\n    latitude = \"34.0173\";\n    longitude = \"-118.4937\";\n    neighborhood = Downtown;\n    state = CA;\n    titleContribution = \"0xd000000011c80002 <x-coredata://B51EEF26-AC10-427C-B840-46C5EB7B83F2/Contribution/p1138>\";\n})",
    "<Event: 0x1700dafd0> (entity: Event; id: 0xd00000000cac0000 <x-coredata://B51EEF26-AC10-427C-B840-46C5EB7B83F2/Event/p811> ; data: {\n    city = \"Santa Monica\";\n    containsUser = 0;\n    contributions = \"<relationship fault: 0x17003e1c0 'contributions'>\";\n    country = USA;\n    eventId = 4zxvinXwRp;\n    importance = 2;\n    lastActive = \"2015-03-01 00:47:16 +0000\";\n    latitude = \"34.0144\";\n    longitude = \"-118.4965\";\n    neighborhood = Downtown;\n    state = CA;\n    titleContribution = \"0xd000000011cc0002 <x-coredata://B51EEF26-AC10-427C-B840-46C5EB7B83F2/Contribution/p1139>\";\n})",
    "<Event: 0x1700db200> (entity: Event; id: 0xd00000000cc00000 <x-coredata://B51EEF26-AC10-427C-B840-46C5EB7B83F2/Event/p816> ; data: {\n    city = \"Santa Monica\";\n    containsUser = 0;\n    contributions = \"<relationship fault: 0x17003e3a0 'contributions'>\";\n    country = USA;\n    eventId = tdlwosCqGk;\n    importance = 2;\n    lastActive = \"2015-02-27 04:36:18 +0000\";\n    latitude = \"34.0156\";\n    longitude = \"-118.4962\";\n    neighborhood = Downtown;\n    state = CA;\n    titleContribution = \"0xd000000011e00002 <x-coredata://B51EEF26-AC10-427C-B840-46C5EB7B83F2/Contribution/p1144>\";\n})",
    "<Event: 0x1700db430> (entity: Event; id: 0xd00000000cc80000 <x-coredata://B51EEF26-AC10-427C-B840-46C5EB7B83F2/Event/p818> ; data: {\n    city = \"Santa Monica\";\n    containsUser = 0;\n    contributions = \"<relationship fault: 0x17003e9e0 'contributions'>\";\n    country = USA;\n    eventId = 7SQKiPbZMw;\n    importance = 2;\n    lastActive = \"2015-03-10 02:03:57 +0000\";\n    latitude = \"34.01779\";\n    longitude = \"-118.5014\";\n    neighborhood = \"Wilshire Montana\";\n    state = CA;\n    titleContribution = \"0xd000000011e80002 <x-coredata://B51EEF26-AC10-427C-B840-46C5EB7B83F2/Contribution/p1146>\";\n})",
    "<Event: 0x1700db660> (entity: Event; id: 0xd00000000ce00000 <x-coredata://B51EEF26-AC10-427C-B840-46C5EB7B83F2/Event/p824> ; data: {\n    city = \"Santa Monica\";\n    containsUser = 0;\n    contributions = \"<relationship fault: 0x17003ec00 'contributions'>\";\n    country = USA;\n    eventId = BzI4MZSeLK;\n    importance = 3;\n    lastActive = \"2015-03-06 18:26:38 +0000\";\n    latitude = \"34.0171\";\n    longitude = \"-118.4692\";\n    neighborhood = \"Sunset Park\";\n    state = CA;\n    titleContribution = \"0xd000000012000002 <x-coredata://B51EEF26-AC10-427C-B840-46C5EB7B83F2/Contribution/p1152>\";\n})",
    "<Event: 0x1700db890> (entity: Event; id: 0xd00000000cc40000 <x-coredata://B51EEF26-AC10-427C-B840-46C5EB7B83F2/Event/p817> ; data: {\n    city = \"Santa Monica\";\n    containsUser = 0;\n    contributions = \"<relationship fault: 0x17003ede0 'contributions'>\";\n    country = USA;\n    eventId = UB5EoM6CON;\n    importance = 2;\n    lastActive = \"2015-02-26 03:24:24 +0000\";\n    latitude = \"34.01693\";\n    longitude = \"-118.4942\";\n    neighborhood = Downtown;\n    state = CA;\n    titleContribution = \"0xd000000011e40002 <x-coredata://B51EEF26-AC10-427C-B840-46C5EB7B83F2/Contribution/p1145>\";\n})",
    "<Event: 0x1700dbac0> (entity: Event; id: 0xd00000000ccc0000 <x-coredata://B51EEF26-AC10-427C-B840-46C5EB7B83F2/Event/p819> ; data: {\n    city = \"Santa Monica\";\n    containsUser = 0;\n    contributions = \"<relationship fault: 0x17003f060 'contributions'>\";\n    country = USA;\n    eventId = KdhcbW3NbI;\n    importance = 2;\n    lastActive = \"2015-03-12 18:42:12 +0000\";\n    latitude = \"34.01764\";\n    longitude = \"-118.4989\";\n    neighborhood = Downtown;\n    state = CA;\n    titleContribution = \"0xd000000011ec0002 <x-coredata://B51EEF26-AC10-427C-B840-46C5EB7B83F2/Contribution/p1147>\";\n})",
    "<Event: 0x1740de680> (entity: Event; id: 0xd00000000ce80000 <x-coredata://B51EEF26-AC10-427C-B840-46C5EB7B83F2/Event/p826> ; data: {\n    city = \"Santa Monica\";\n    containsUser = 0;\n    contributions = \"<relationship fault: 0x174222680 'contributions'>\";\n    country = USA;\n    eventId = PitpniWfTF;\n    importance = 2;\n    lastActive = \"2015-03-17 17:23:01 +0000\";\n    latitude = \"34.01683\";\n    longitude = \"-118.4696\";\n    neighborhood = \"Sunset Park\";\n    state = CA;\n    titleContribution = \"0xd000000012080002 <x-coredata://B51EEF26-AC10-427C-B840-46C5EB7B83F2/Contribution/p1154>\";\n})",
    "<Event: 0x1700dbcf0> (entity: Event; id: 0xd00000000cd80000 <x-coredata://B51EEF26-AC10-427C-B840-46C5EB7B83F2/Event/p822> ; data: {\n    city = \"Santa Monica\";\n    containsUser = 0;\n    contributions = \"<relationship fault: 0x17003f180 'contributions'>\";\n    country = USA;\n    eventId = 8ykACl47rM;\n    importance = 1;\n    lastActive = \"2015-03-14 23:29:15 +0000\";\n    latitude = \"34.01686\";\n    longitude = \"-118.4975\";\n    neighborhood = Downtown;\n    state = CA;\n    titleContribution = \"0xd000000011f80002 <x-coredata://B51EEF26-AC10-427C-B840-46C5EB7B83F2/Contribution/p1150>\";\n})",
    "<Event: 0x1700dbf20> (entity: Event; id: 0xd00000000cdc0000 <x-coredata://B51EEF26-AC10-427C-B840-46C5EB7B83F2/Event/p823> ; data: {\n    city = \"Santa Monica\";\n    containsUser = 0;\n    contributions = \"<relationship fault: 0x17003f3e0 'contributions'>\";\n    country = USA;\n    eventId = zCsV1JkjXM;\n    importance = 2;\n    lastActive = \"2015-02-13 20:34:40 +0000\";\n    latitude = \"34.01709\";\n    longitude = \"-118.4978\";\n    neighborhood = Downtown;\n    state = CA;\n    titleContribution = \"0xd000000011fc0002 <x-coredata://B51EEF26-AC10-427C-B840-46C5EB7B83F2/Contribution/p1151>\";\n})",
    "<Event: 0x1700dc150> (entity: Event; id: 0xd00000000cf40000 <x-coredata://B51EEF26-AC10-427C-B840-46C5EB7B83F2/Event/p829> ; data: {\n    city = \"Los Angeles\";\n    containsUser = 0;\n    contributions = \"<relationship fault: 0x17003f520 'contributions'>\";\n    country = USA;\n    eventId = EA55jb8lQf;\n    importance = 2;\n    lastActive = \"2015-02-15 23:34:59 +0000\";\n    latitude = \"33.99522\";\n    longitude = \"-118.4799\";\n    neighborhood = Venice;\n    state = CA;\n    titleContribution = \"0xd000000012140002 <x-coredata://B51EEF26-AC10-427C-B840-46C5EB7B83F2/Contribution/p1157>\";\n})",
    "<Event: 0x1740de8b0> (entity: Event; id: 0xd00000000cec0000 <x-coredata://B51EEF26-AC10-427C-B840-46C5EB7B83F2/Event/p827> ; data: {\n    city = \"Santa Monica\";\n    containsUser = 0;\n    contributions = \"<relationship fault: 0x1742228e0 'contributions'>\";\n    country = USA;\n    eventId = wqVHqITtqn;\n    importance = 2;\n    lastActive = \"2015-03-19 19:59:08 +0000\";\n    latitude = \"34.0173\";\n    longitude = \"-118.4701\";\n    neighborhood = \"Sunset Park\";\n    state = CA;\n    titleContribution = \"0xd0000000120c0002 <x-coredata://B51EEF26-AC10-427C-B840-46C5EB7B83F2/Contribution/p1155>\";\n})",
    "<Event: 0x1740dea00> (entity: Event; id: 0xd00000000ce40000 <x-coredata://B51EEF26-AC10-427C-B840-46C5EB7B83F2/Event/p825> ; data: {\n    city = \"Santa Monica\";\n    containsUser = 0;\n    contributions = \"<relationship fault: 0x174222ac0 'contributions'>\";\n    country = USA;\n    eventId = kuwMqazzzu;\n    importance = 1;\n    lastActive = \"2015-02-25 03:01:32 +0000\";\n    latitude = \"34.01734\";\n    longitude = \"-118.4937\";\n    neighborhood = Downtown;\n    state = CA;\n    titleContribution = \"0xd000000012040002 <x-coredata://B51EEF26-AC10-427C-B840-46C5EB7B83F2/Contribution/p1153>\";\n})",
    "<Event: 0x1700dc380> (entity: Event; id: 0xd00000000d180000 <x-coredata://B51EEF26-AC10-427C-B840-46C5EB7B83F2/Event/p838> ; data: {\n    city = \"Santa Monica\";\n    containsUser = 0;\n    contributions = \"<relationship fault: 0x174222c60 'contributions'>\";\n    country = USA;\n    eventId = 9jYWKnDCKK;\n    importance = 2;\n    lastActive = \"2015-03-08 17:45:50 +0000\";\n    latitude = \"34.01237\";\n    longitude = \"-118.4673\";\n    neighborhood = \"Sunset Park\";\n    state = CA;\n    titleContribution = \"0xd0000000125c0002 <x-coredata://B51EEF26-AC10-427C-B840-46C5EB7B83F2/Contribution/p1175>\";\n})",
    "<Event: 0x1740ded80> (entity: Event; id: 0xd00000000cf00000 <x-coredata://B51EEF26-AC10-427C-B840-46C5EB7B83F2/Event/p828> ; data: {\n    city = \"Santa Monica\";\n    containsUser = 0;\n    contributions = \"<relationship fault: 0x174222da0 'contributions'>\";\n    country = USA;\n    eventId = tJdHRvg8lf;\n    importance = 1;\n    lastActive = \"2015-02-27 05:29:44 +0000\";\n    latitude = \"34.01816\";\n    longitude = \"-118.4993\";\n    neighborhood = Downtown;\n    state = CA;\n    titleContribution = \"0xd000000012100002 <x-coredata://B51EEF26-AC10-427C-B840-46C5EB7B83F2/Contribution/p1156>\";\n})",
    "<Event: 0x1740defb0> (entity: Event; id: 0xd00000000d000000 <x-coredata://B51EEF26-AC10-427C-B840-46C5EB7B83F2/Event/p832> ; data: {\n    city = \"Santa Monica\";\n    containsUser = 0;\n    contributions = \"<relationship fault: 0x17003f720 'contributions'>\";\n    country = USA;\n    eventId = By8a4okoSU;\n    importance = 2;\n    lastActive = \"2015-02-24 02:12:44 +0000\";\n    latitude = \"34.01696\";\n    longitude = \"-118.469\";\n    neighborhood = \"Sunset Park\";\n    state = CA;\n    titleContribution = \"0xd000000012200002 <x-coredata://B51EEF26-AC10-427C-B840-46C5EB7B83F2/Contribution/p1160>\";\n})",
    "<Event: 0x1740df090> (entity: Event; id: 0xd00000000cf80000 <x-coredata://B51EEF26-AC10-427C-B840-46C5EB7B83F2/Event/p830> ; data: {\n    city = \"Santa Monica\";\n    containsUser = 0;\n    contributions = \"<relationship fault: 0x17003f8c0 'contributions'>\";\n    country = USA;\n    eventId = xUVcPAPQ2a;\n    importance = 2;\n    lastActive = \"2015-01-31 23:45:00 +0000\";\n    latitude = \"34.01886\";\n    longitude = \"-118.4984\";\n    neighborhood = Downtown;\n    state = CA;\n    titleContribution = \"0xd000000012180002 <x-coredata://B51EEF26-AC10-427C-B840-46C5EB7B83F2/Contribution/p1158>\";\n})",
    "<Event: 0x1740df170> (entity: Event; id: 0xd00000000cfc0000 <x-coredata://B51EEF26-AC10-427C-B840-46C5EB7B83F2/Event/p831> ; data: {\n    city = \"Santa Monica\";\n    containsUser = 0;\n    contributions = \"<relationship fault: 0x174223200 'contributions'>\";\n    country = USA;\n    eventId = 8ygzwcVNeI;\n    importance = 2;\n    lastActive = \"2015-01-31 22:02:27 +0000\";\n    latitude = \"34.02033\";\n    longitude = \"-118.4987\";\n    neighborhood = \"Wilshire Montana\";\n    state = CA;\n    titleContribution = \"0xd0000000121c0002 <x-coredata://B51EEF26-AC10-427C-B840-46C5EB7B83F2/Contribution/p1159>\";\n})",
    "<Event: 0x1740df330> (entity: Event; id: 0xd00000000d0c0000 <x-coredata://B51EEF26-AC10-427C-B840-46C5EB7B83F2/Event/p835> ; data: {\n    city = \"Los Angeles\";\n    containsUser = 0;\n    contributions = \"<relationship fault: 0x17003f9e0 'contributions'>\";\n    country = USA;\n    eventId = Go4eGF5AIU;\n    importance = 2;\n    lastActive = \"2015-01-31 05:35:36 +0000\";\n    latitude = \"33.99461\";\n    longitude = \"-118.4764\";\n    neighborhood = Venice;\n    state = CA;\n    titleContribution = \"0xd0000000122c0002 <x-coredata://B51EEF26-AC10-427C-B840-46C5EB7B83F2/Contribution/p1163>\";\n})",
    "<Event: 0x1700dc7e0> (entity: Event; id: 0xd00000000d080000 <x-coredata://B51EEF26-AC10-427C-B840-46C5EB7B83F2/Event/p834> ; data: {\n    city = \"Santa Monica\";\n    containsUser = 0;\n    contributions = \"<relationship fault: 0x17003fb20 'contributions'>\";\n    country = USA;\n    eventId = jB8lYOousQ;\n    importance = 2;\n    lastActive = \"2015-02-09 19:00:37 +0000\";\n    latitude = \"34.017\";\n    longitude = \"-118.4691\";\n    neighborhood = \"Sunset Park\";\n    state = CA;\n    titleContribution = \"0xd000000012280002 <x-coredata://B51EEF26-AC10-427C-B840-46C5EB7B83F2/Contribution/p1162>\";\n})"
) inContext:<NSManagedObjectContext: 0x1701e8100>
2015-03-20 14:18:51.673 PopulistMVP[6185:1583480] the image is <UIImage: 0x17409fcc0>
2015-03-20 14:18:51.674 PopulistMVP[6185:1583480] PPLST prepareDictionaryForInsertWithKey:fzxc0WG0lV
2015-03-20 14:18:51.674 PopulistMVP[6185:1583480] self.keysSet = {(
)}
2015-03-20 14:18:51.674 PopulistMVP[6185:1583480] [self.keysArray count] = 0. Max = 10
2015-03-20 14:18:51.675 PopulistMVP[6185:1583480] PPLST prepareDictionaryForInsertWithKey - done
2015-03-20 14:18:51.675 PopulistMVP[6185:1583480] Just got the image <UIImage: 0x17409fcc0>
2015-03-20 14:18:51.675 PopulistMVP[6185:1583480] Yay, the image wasn't nil
2015-03-20 14:18:51.676 PopulistMVP[6185:1583480] PPLSTDataManager - getImageWithFileName:fzxc0WG0lV
2015-03-20 14:18:51.683 PopulistMVP[6185:1583480] Formatting Event Cell for contributionId = e0ZalaHiUY
2015-03-20 14:18:51.684 PopulistMVP[6185:1583480] PPLSTDataManager - formatEventCell:<PPLSTEventTableViewCell: 0x156634c80; baseClass = UITableViewCell; frame = (0 0; 320 44); layer = <CALayer: 0x17403cfe0>> ForContribution:<Contribution: 0x1740dc3f0> (entity: Contribution; id: 0xd000000012500002 <x-coredata://B51EEF26-AC10-427C-B840-46C5EB7B83F2/Contribution/p1172> ; data: {
    contributingUserId = "8AAAA485-5B2D-4611-B37F-1762B6E49B12";
    contributionId = e0ZalaHiUY;
    contributionType = photo;
    createdAt = "2015-03-20 18:33:57 +0000";
    event = "0xd00000000d140000 <x-coredata://B51EEF26-AC10-427C-B840-46C5EB7B83F2/Event/p837>";
    imagePath = t5pJqPyehH;
    latitude = nil;
    longitude = nil;
    message = nil;
    parentEvent = "0xd00000000d140000 <x-coredata://B51EEF26-AC10-427C-B840-46C5EB7B83F2/Event/p837>";
})
2015-03-20 14:18:51.685 PopulistMVP[6185:1583480] contributionId = e0ZalaHiUY, contributionType = photo, imagePath = t5pJqPyehH
2015-03-20 14:18:51.685 PopulistMVP[6185:1583480] it's a photo and the imagePath is not nil, nor is it the empty string
2015-03-20 14:18:51.686 PopulistMVP[6185:1583480] PPLSTDataManager - getImageWithFileName:t5pJqPyehH
2015-03-20 14:18:51.686 PopulistMVP[6185:1583480] self.imageAtFilePath doesn't already contain the fileName or the filename is nil
2015-03-20 14:18:51.687 PopulistMVP[6185:1583480] the filePath is /var/mobile/Containers/Data/Application/E9C1392C-D9E5-48FE-BD6E-675014DFD363/Documents/t5pJqPyehH.png
2015-03-20 14:18:51.691 PopulistMVP[6185:1583480] the image is <UIImage: 0x17009e370>
2015-03-20 14:18:51.691 PopulistMVP[6185:1583480] PPLST prepareDictionaryForInsertWithKey:t5pJqPyehH
2015-03-20 14:18:51.691 PopulistMVP[6185:1583480] self.keysSet = {(
    fzxc0WG0lV
)}
2015-03-20 14:18:51.691 PopulistMVP[6185:1583480] [self.keysArray count] = 1. Max = 10
2015-03-20 14:18:51.692 PopulistMVP[6185:1583480] PPLST prepareDictionaryForInsertWithKey - done
2015-03-20 14:18:51.692 PopulistMVP[6185:1583480] Just got the image <UIImage: 0x17009e370>
2015-03-20 14:18:51.692 PopulistMVP[6185:1583480] Yay, the image wasn't nil
2015-03-20 14:18:51.693 PopulistMVP[6185:1583480] PPLSTDataManager - getImageWithFileName:t5pJqPyehH
2015-03-20 14:18:51.693 PopulistMVP[6185:1583480] self.location: -USA-CA-Santa Monica-Ocean Park
2015-03-20 14:18:51.693 PopulistMVP[6185:1583480] event.location: -USA-CA-Santa Monica-
2015-03-20 14:18:51.797 PopulistMVP[6185:1583531] PPLSTDataManager - saveCoreData
2015-03-20 14:18:51.797 PopulistMVP[6185:1583531] PPLSTDataManager - contextHasChanged
2015-03-20 14:18:51.797 PopulistMVP[6185:1583480] PPLSTDataManager - contextHasChanged
2015-03-20 14:18:53.775 PopulistMVP[6185:1583480] Selected Row Number 0
2015-03-20 14:18:53.930 PopulistMVP[6185:1583530] PPLSTDataManager - downloadContributionMetaDataForEvent:<Event: 0x1700d9980> (entity: Event; id: 0xd00000000d400000 <x-coredata://B51EEF26-AC10-427C-B840-46C5EB7B83F2/Event/p848> ; data: {
    city = "Santa Monica";
    containsUser = 1;
    contributions = "<relationship fault: 0x17403f1a0 'contributions'>";
    country = USA;
    eventId = 7D9glv20SV;
    importance = 7;
    lastActive = "2015-03-20 20:39:43 +0000";
    latitude = "34.0072";
    longitude = "-118.4888";
    neighborhood = "Ocean Park";
    state = CA;
    titleContribution = "0xd000000012880002 <x-coredata://B51EEF26-AC10-427C-B840-46C5EB7B83F2/Contribution/p1186>";
})
2015-03-20 14:18:54.457 PopulistMVP[6185:1583530] return from parse: {
    contributionIds =     (
                {
            KVnppFjLSD = message;
            contributionId = KVnppFjLSD;
            createdAt = "2015-03-20 20:39:43 +0000";
            message = "Haha. Too bad, I'm married :)";
            type = message;
            userId = "09425E21-46F9-4014-B2AF-74EB104AFD46";
        },
                {
            contributionId = tjyQACYLnJ;
            createdAt = "2015-03-20 20:15:03 +0000";
            message = "I wonder if that cute guy is single :)";
            tjyQACYLnJ = message;
            type = message;
            userId = "8AAAA485-5B2D-4611-B37F-1762B6E49B12";
        },
                {
            contributionId = yrt1VAud7K;
            createdAt = "2015-03-20 20:14:53 +0000";
            message = "";
            type = photo;
            userId = "8AAAA485-5B2D-4611-B37F-1762B6E49B12";
            yrt1VAud7K = photo;
        },
                {
            BxcOAwqvEj = photo;
            contributionId = BxcOAwqvEj;
            createdAt = "2015-03-20 20:14:38 +0000";
            message = "";
            type = photo;
            userId = "8AAAA485-5B2D-4611-B37F-1762B6E49B12";
        },
                {
            SF1RXR1pop = message;
            contributionId = SF1RXR1pop;
            createdAt = "2015-03-20 20:14:30 +0000";
            message = "There's no one here! Such a beautiful day too";
            type = message;
            userId = "8AAAA485-5B2D-4611-B37F-1762B6E49B12";
        },
                {
            XwRAEqZ4dE = photo;
            contributionId = XwRAEqZ4dE;
            createdAt = "2015-03-20 20:14:19 +0000";
            message = "";
            type = photo;
            userId = "8AAAA485-5B2D-4611-B37F-1762B6E49B12";
        }
    );
}
2015-03-20 14:18:54.459 PopulistMVP[6185:1583530] arrayOfContributionData = (
        {
        KVnppFjLSD = message;
        contributionId = KVnppFjLSD;
        createdAt = "2015-03-20 20:39:43 +0000";
        message = "Haha. Too bad, I'm married :)";
        type = message;
        userId = "09425E21-46F9-4014-B2AF-74EB104AFD46";
    },
        {
        contributionId = tjyQACYLnJ;
        createdAt = "2015-03-20 20:15:03 +0000";
        message = "I wonder if that cute guy is single :)";
        tjyQACYLnJ = message;
        type = message;
        userId = "8AAAA485-5B2D-4611-B37F-1762B6E49B12";
    },
        {
        contributionId = yrt1VAud7K;
        createdAt = "2015-03-20 20:14:53 +0000";
        message = "";
        type = photo;
        userId = "8AAAA485-5B2D-4611-B37F-1762B6E49B12";
        yrt1VAud7K = photo;
    },
        {
        BxcOAwqvEj = photo;
        contributionId = BxcOAwqvEj;
        createdAt = "2015-03-20 20:14:38 +0000";
        message = "";
        type = photo;
        userId = "8AAAA485-5B2D-4611-B37F-1762B6E49B12";
    },
        {
        SF1RXR1pop = message;
        contributionId = SF1RXR1pop;
        createdAt = "2015-03-20 20:14:30 +0000";
        message = "There's no one here! Such a beautiful day too";
        type = message;
        userId = "8AAAA485-5B2D-4611-B37F-1762B6E49B12";
    },
        {
        XwRAEqZ4dE = photo;
        contributionId = XwRAEqZ4dE;
        createdAt = "2015-03-20 20:14:19 +0000";
        message = "";
        type = photo;
        userId = "8AAAA485-5B2D-4611-B37F-1762B6E49B12";
    }
)
2015-03-20 14:18:54.460 PopulistMVP[6185:1583530] considering contribution with Id = KVnppFjLSD
2015-03-20 14:18:54.461 PopulistMVP[6185:1583530] PPLSTDataManager - getContributionFromCoreDataWithId:KVnppFjLSD
2015-03-20 14:18:54.461 PopulistMVP[6185:1583530] getContributionFromCoreDataWithId - 1
2015-03-20 14:18:54.461 PopulistMVP[6185:1583530] getContributionFromCoreDataWithId - 2
2015-03-20 14:18:54.462 PopulistMVP[6185:1583530] getContributionFromCoreDataWithId - 3
2015-03-20 14:18:54.464 PopulistMVP[6185:1583530] getContributionFromCoreDataWithId - 4
2015-03-20 14:18:54.464 PopulistMVP[6185:1583530] getContributionFromCoreDataWithId - 5
2015-03-20 14:18:54.467 PopulistMVP[6185:1583530] considering contribution with Id = tjyQACYLnJ
2015-03-20 14:18:54.467 PopulistMVP[6185:1583530] PPLSTDataManager - getContributionFromCoreDataWithId:tjyQACYLnJ
2015-03-20 14:18:54.468 PopulistMVP[6185:1583530] getContributionFromCoreDataWithId - 1
2015-03-20 14:18:54.468 PopulistMVP[6185:1583530] getContributionFromCoreDataWithId - 2
2015-03-20 14:18:54.469 PopulistMVP[6185:1583530] getContributionFromCoreDataWithId - 3
2015-03-20 14:18:54.471 PopulistMVP[6185:1583530] getContributionFromCoreDataWithId - 4
2015-03-20 14:18:54.471 PopulistMVP[6185:1583530] getContributionFromCoreDataWithId - 5
2015-03-20 14:18:54.472 PopulistMVP[6185:1583530] considering contribution with Id = yrt1VAud7K
2015-03-20 14:18:54.472 PopulistMVP[6185:1583530] PPLSTDataManager - getContributionFromCoreDataWithId:yrt1VAud7K
2015-03-20 14:18:54.473 PopulistMVP[6185:1583530] getContributionFromCoreDataWithId - 1
2015-03-20 14:18:54.473 PopulistMVP[6185:1583530] getContributionFromCoreDataWithId - 2
2015-03-20 14:18:54.474 PopulistMVP[6185:1583530] getContributionFromCoreDataWithId - 3
2015-03-20 14:18:54.612 PopulistMVP[6185:1583530] *** Terminating app due to uncaught exception 'NSGenericException', reason: '*** Collection <__NSCFSet: 0x1702632c0> was mutated while being enumerated.'
*** First throw call stack:
(0x18554659c 0x195c9c0e4 0x185545f50 0x1851fdcf8 0x1000538f0 0x10004ad78 0x100057700 0x185299270 0x1002bcdf0 0x1002c7854 0x1002c0120 0x1002c975c 0x1002caf18 0x1964bd2e4 0x1964bcfa8)
libc++abi.dylib: terminating with uncaught exception of type NSException
